Determining if the function class exists failed with the following output:
Change Dir: /src/libxml2-2.13.4/build/CMakeFiles/CMakeTmp

Run Build Command(s):/usr/bin/gmake -f Makefile cmTC_791af/fast && /usr/bin/gmake  -f CMakeFiles/cmTC_791af.dir/build.make CMakeFiles/cmTC_791af.dir/build
gmake[1]: Entering directory '/src/libxml2-2.13.4/build/CMakeFiles/CMakeTmp'
Building C object CMakeFiles/cmTC_791af.dir/CheckFunctionExists.c.o
/AFLplusplus/afl-cc   -DCHECK_FUNCTION_EXISTS=class -MD -MT CMakeFiles/cmTC_791af.dir/CheckFunctionExists.c.o -MF CMakeFiles/cmTC_791af.dir/CheckFunctionExists.c.o.d -o CMakeFiles/cmTC_791af.dir/CheckFunctionExists.c.o -c /usr/share/cmake-3.22/Modules/CheckFunctionExists.c
Linking C executable cmTC_791af
/usr/bin/cmake -E cmake_link_script CMakeFiles/cmTC_791af.dir/link.txt --verbose=1
/AFLplusplus/afl-cc  -DCHECK_FUNCTION_EXISTS=class CMakeFiles/cmTC_791af.dir/CheckFunctionExists.c.o -o cmTC_791af 
/usr/bin/ld: CMakeFiles/cmTC_791af.dir/CheckFunctionExists.c.o: in function `main':
CheckFunctionExists.c:(.text.main[main]+0x28): undefined reference to `class'
clang: error: linker command failed with exit code 1 (use -v to see invocation)
gmake[1]: *** [CMakeFiles/cmTC_791af.dir/build.make:100: cmTC_791af] Error 1
gmake[1]: Leaving directory '/src/libxml2-2.13.4/build/CMakeFiles/CMakeTmp'
gmake: *** [Makefile:127: cmTC_791af/fast] Error 2



Determining if files dl.h exist failed with the following output:
Change Dir: /src/libxml2-2.13.4/build/CMakeFiles/CMakeTmp

Run Build Command(s):/usr/bin/gmake -f Makefile cmTC_25c82/fast && /usr/bin/gmake  -f CMakeFiles/cmTC_25c82.dir/build.make CMakeFiles/cmTC_25c82.dir/build
gmake[1]: Entering directory '/src/libxml2-2.13.4/build/CMakeFiles/CMakeTmp'
Building C object CMakeFiles/cmTC_25c82.dir/HAVE_DL_H.c.o
/AFLplusplus/afl-cc    -MD -MT CMakeFiles/cmTC_25c82.dir/HAVE_DL_H.c.o -MF CMakeFiles/cmTC_25c82.dir/HAVE_DL_H.c.o.d -o CMakeFiles/cmTC_25c82.dir/HAVE_DL_H.c.o -c /src/libxml2-2.13.4/build/CMakeFiles/CheckIncludeFiles/HAVE_DL_H.c
/src/libxml2-2.13.4/build/CMakeFiles/CheckIncludeFiles/HAVE_DL_H.c:2:10: fatal error: 'dl.h' file not found
#include <dl.h>
         ^~~~~~
1 error generated.
gmake[1]: *** [CMakeFiles/cmTC_25c82.dir/build.make:79: CMakeFiles/cmTC_25c82.dir/HAVE_DL_H.c.o] Error 1
gmake[1]: Leaving directory '/src/libxml2-2.13.4/build/CMakeFiles/CMakeTmp'
gmake: *** [Makefile:127: cmTC_25c82/fast] Error 2


Source:
/* */
#include <dl.h>


int main(void){return 0;}

Determining if the function fpclass exists failed with the following output:
Change Dir: /src/libxml2-2.13.4/build/CMakeFiles/CMakeTmp

Run Build Command(s):/usr/bin/gmake -f Makefile cmTC_6515f/fast && /usr/bin/gmake  -f CMakeFiles/cmTC_6515f.dir/build.make CMakeFiles/cmTC_6515f.dir/build
gmake[1]: Entering directory '/src/libxml2-2.13.4/build/CMakeFiles/CMakeTmp'
Building C object CMakeFiles/cmTC_6515f.dir/CheckFunctionExists.c.o
/AFLplusplus/afl-cc   -DCHECK_FUNCTION_EXISTS=fpclass -MD -MT CMakeFiles/cmTC_6515f.dir/CheckFunctionExists.c.o -MF CMakeFiles/cmTC_6515f.dir/CheckFunctionExists.c.o.d -o CMakeFiles/cmTC_6515f.dir/CheckFunctionExists.c.o -c /usr/share/cmake-3.22/Modules/CheckFunctionExists.c
Linking C executable cmTC_6515f
/usr/bin/cmake -E cmake_link_script CMakeFiles/cmTC_6515f.dir/link.txt --verbose=1
/AFLplusplus/afl-cc  -DCHECK_FUNCTION_EXISTS=fpclass CMakeFiles/cmTC_6515f.dir/CheckFunctionExists.c.o -o cmTC_6515f 
/usr/bin/ld: CMakeFiles/cmTC_6515f.dir/CheckFunctionExists.c.o: in function `main':
CheckFunctionExists.c:(.text.main[main]+0x28): undefined reference to `fpclass'
clang: error: linker command failed with exit code 1 (use -v to see invocation)
gmake[1]: *** [CMakeFiles/cmTC_6515f.dir/build.make:100: cmTC_6515f] Error 1
gmake[1]: Leaving directory '/src/libxml2-2.13.4/build/CMakeFiles/CMakeTmp'
gmake: *** [Makefile:127: cmTC_6515f/fast] Error 2



Determining if the function append_history exists in the history failed with the following output:
Change Dir: /src/libxml2-2.13.4/build/CMakeFiles/CMakeTmp

Run Build Command(s):/usr/bin/gmake -f Makefile cmTC_1d759/fast && /usr/bin/gmake  -f CMakeFiles/cmTC_1d759.dir/build.make CMakeFiles/cmTC_1d759.dir/build
gmake[1]: Entering directory '/src/libxml2-2.13.4/build/CMakeFiles/CMakeTmp'
Building C object CMakeFiles/cmTC_1d759.dir/CheckFunctionExists.c.o
/AFLplusplus/afl-cc   -DCHECK_FUNCTION_EXISTS=append_history -MD -MT CMakeFiles/cmTC_1d759.dir/CheckFunctionExists.c.o -MF CMakeFiles/cmTC_1d759.dir/CheckFunctionExists.c.o.d -o CMakeFiles/cmTC_1d759.dir/CheckFunctionExists.c.o -c /usr/share/cmake-3.22/Modules/CheckFunctionExists.c
Linking C executable cmTC_1d759
/usr/bin/cmake -E cmake_link_script CMakeFiles/cmTC_1d759.dir/link.txt --verbose=1
/AFLplusplus/afl-cc  -DCHECK_FUNCTION_EXISTS=append_history CMakeFiles/cmTC_1d759.dir/CheckFunctionExists.c.o -o cmTC_1d759  -lhistory 
/usr/bin/ld: cannot find -lhistory: No such file or directory
clang: error: linker command failed with exit code 1 (use -v to see invocation)
gmake[1]: *** [CMakeFiles/cmTC_1d759.dir/build.make:100: cmTC_1d759] Error 1
gmake[1]: Leaving directory '/src/libxml2-2.13.4/build/CMakeFiles/CMakeTmp'
gmake: *** [Makefile:127: cmTC_1d759/fast] Error 2



Determining if the function readline exists in the readline failed with the following output:
Change Dir: /src/libxml2-2.13.4/build/CMakeFiles/CMakeTmp

Run Build Command(s):/usr/bin/gmake -f Makefile cmTC_7c92a/fast && /usr/bin/gmake  -f CMakeFiles/cmTC_7c92a.dir/build.make CMakeFiles/cmTC_7c92a.dir/build
gmake[1]: Entering directory '/src/libxml2-2.13.4/build/CMakeFiles/CMakeTmp'
Building C object CMakeFiles/cmTC_7c92a.dir/CheckFunctionExists.c.o
/AFLplusplus/afl-cc   -DCHECK_FUNCTION_EXISTS=readline -MD -MT CMakeFiles/cmTC_7c92a.dir/CheckFunctionExists.c.o -MF CMakeFiles/cmTC_7c92a.dir/CheckFunctionExists.c.o.d -o CMakeFiles/cmTC_7c92a.dir/CheckFunctionExists.c.o -c /usr/share/cmake-3.22/Modules/CheckFunctionExists.c
Linking C executable cmTC_7c92a
/usr/bin/cmake -E cmake_link_script CMakeFiles/cmTC_7c92a.dir/link.txt --verbose=1
/AFLplusplus/afl-cc  -DCHECK_FUNCTION_EXISTS=readline CMakeFiles/cmTC_7c92a.dir/CheckFunctionExists.c.o -o cmTC_7c92a  -lreadline 
/usr/bin/ld: cannot find -lreadline: No such file or directory
clang: error: linker command failed with exit code 1 (use -v to see invocation)
gmake[1]: *** [CMakeFiles/cmTC_7c92a.dir/build.make:100: cmTC_7c92a] Error 1
gmake[1]: Leaving directory '/src/libxml2-2.13.4/build/CMakeFiles/CMakeTmp'
gmake: *** [Makefile:127: cmTC_7c92a/fast] Error 2



Determining if the function shl_load exists in the dld failed with the following output:
Change Dir: /src/libxml2-2.13.4/build/CMakeFiles/CMakeTmp

Run Build Command(s):/usr/bin/gmake -f Makefile cmTC_4c0ce/fast && /usr/bin/gmake  -f CMakeFiles/cmTC_4c0ce.dir/build.make CMakeFiles/cmTC_4c0ce.dir/build
gmake[1]: Entering directory '/src/libxml2-2.13.4/build/CMakeFiles/CMakeTmp'
Building C object CMakeFiles/cmTC_4c0ce.dir/CheckFunctionExists.c.o
/AFLplusplus/afl-cc   -DCHECK_FUNCTION_EXISTS=shl_load -MD -MT CMakeFiles/cmTC_4c0ce.dir/CheckFunctionExists.c.o -MF CMakeFiles/cmTC_4c0ce.dir/CheckFunctionExists.c.o.d -o CMakeFiles/cmTC_4c0ce.dir/CheckFunctionExists.c.o -c /usr/share/cmake-3.22/Modules/CheckFunctionExists.c
Linking C executable cmTC_4c0ce
/usr/bin/cmake -E cmake_link_script CMakeFiles/cmTC_4c0ce.dir/link.txt --verbose=1
/AFLplusplus/afl-cc  -DCHECK_FUNCTION_EXISTS=shl_load CMakeFiles/cmTC_4c0ce.dir/CheckFunctionExists.c.o -o cmTC_4c0ce  -ldld 
/usr/bin/ld: cannot find -ldld: No such file or directory
clang: error: linker command failed with exit code 1 (use -v to see invocation)
gmake[1]: *** [CMakeFiles/cmTC_4c0ce.dir/build.make:100: cmTC_4c0ce] Error 1
gmake[1]: Leaving directory '/src/libxml2-2.13.4/build/CMakeFiles/CMakeTmp'
gmake: *** [Makefile:127: cmTC_4c0ce/fast] Error 2



Performing C SOURCE FILE Test FLAG_UNDEFINED_VERSION failed with the following output:
Change Dir: /src/libxml2-2.13.4/build/CMakeFiles/CMakeTmp

Run Build Command(s):/usr/bin/gmake -f Makefile cmTC_877d0/fast && /usr/bin/gmake  -f CMakeFiles/cmTC_877d0.dir/build.make CMakeFiles/cmTC_877d0.dir/build
gmake[1]: Entering directory '/src/libxml2-2.13.4/build/CMakeFiles/CMakeTmp'
Building C object CMakeFiles/cmTC_877d0.dir/src.c.o
/AFLplusplus/afl-cc -DFLAG_UNDEFINED_VERSION  -pedantic -Wall -Wextra -Wshadow -Wpointer-arith -Wcast-align -Wwrite-strings -Wstrict-prototypes -Wmissing-prototypes -Wno-long-long -Wno-format-extra-args  -MD -MT CMakeFiles/cmTC_877d0.dir/src.c.o -MF CMakeFiles/cmTC_877d0.dir/src.c.o.d -o CMakeFiles/cmTC_877d0.dir/src.c.o -c /src/libxml2-2.13.4/build/CMakeFiles/CMakeTmp/src.c
/src/libxml2-2.13.4/build/CMakeFiles/CMakeTmp/src.c:1:9: warning: a function declaration without a prototype is deprecated in all versions of C [-Wstrict-prototypes]
int main() { return 0; }
        ^
         void
1 warning generated.
Linking C executable cmTC_877d0
/usr/bin/cmake -E cmake_link_script CMakeFiles/cmTC_877d0.dir/link.txt --verbose=1
/AFLplusplus/afl-cc  -pedantic -Wall -Wextra -Wshadow -Wpointer-arith -Wcast-align -Wwrite-strings -Wstrict-prototypes -Wmissing-prototypes -Wno-long-long -Wno-format-extra-args  -Xlinker --undefined-version CMakeFiles/cmTC_877d0.dir/src.c.o -o cmTC_877d0 
/usr/bin/ld: unrecognized option '--undefined-version'
/usr/bin/ld: use the --help option for usage information
clang: error: linker command failed with exit code 1 (use -v to see invocation)
gmake[1]: *** [CMakeFiles/cmTC_877d0.dir/build.make:100: cmTC_877d0] Error 1
gmake[1]: Leaving directory '/src/libxml2-2.13.4/build/CMakeFiles/CMakeTmp'
gmake: *** [Makefile:127: cmTC_877d0/fast] Error 2


Source file was:
int main() { return 0; }
