The system is: Linux - 5.15.167.4-microsoft-standard-WSL2 - x86_64
Compiling the C compiler identification source file "CMakeCCompilerId.c" succeeded.
Compiler: /AFLplusplus/afl-cc 
Build flags: 
Id flags:  

The output was:
0


Compilation of the C compiler identification source "CMakeCCompilerId.c" produced "a.out"

The C compiler identification is Clang, found in "/src/libxml2-2.13.4/build/CMakeFiles/3.22.1/CompilerIdC/a.out"

Detecting C compiler ABI info compiled with the following output:
Change Dir: /src/libxml2-2.13.4/build/CMakeFiles/CMakeTmp

Run Build Command(s):/usr/bin/gmake -f Makefile cmTC_f9b3f/fast && /usr/bin/gmake  -f CMakeFiles/cmTC_f9b3f.dir/build.make CMakeFiles/cmTC_f9b3f.dir/build
gmake[1]: Entering directory '/src/libxml2-2.13.4/build/CMakeFiles/CMakeTmp'
Building C object CMakeFiles/cmTC_f9b3f.dir/CMakeCCompilerABI.c.o
/AFLplusplus/afl-cc   -v -MD -MT CMakeFiles/cmTC_f9b3f.dir/CMakeCCompilerABI.c.o -MF CMakeFiles/cmTC_f9b3f.dir/CMakeCCompilerABI.c.o.d -o CMakeFiles/cmTC_f9b3f.dir/CMakeCCompilerABI.c.o -c /usr/share/cmake-3.22/Modules/CMakeCCompilerABI.c
Ubuntu clang version 16.0.6 (++20231112100510+7cbf1a259152-1~exp1~20231112100554.106)
Target: x86_64-pc-linux-gnu
Thread model: posix
InstalledDir: /usr/lib/llvm-16/bin
Found candidate GCC installation: /usr/lib/gcc/x86_64-linux-gnu/11
Selected GCC installation: /usr/lib/gcc/x86_64-linux-gnu/11
Candidate multilib: .;@m64
Candidate multilib: 32;@m32
Candidate multilib: x32;@mx32
Selected multilib: .;@m64
 (in-process)
 "/usr/lib/llvm-16/bin/clang" -cc1 -triple x86_64-pc-linux-gnu -emit-obj -disable-free -clear-ast-before-backend -disable-llvm-verifier -discard-value-names -main-file-name CMakeCCompilerABI.c -mrelocation-model pic -pic-level 2 -fhalf-no-semantic-interposition -mframe-pointer=none -fmath-errno -ffp-contract=on -fno-rounding-math -mconstructor-aliases -funwind-tables=2 -target-cpu x86-64 -tune-cpu generic -mllvm -treat-scalable-fixed-error-as-warning -debug-info-kind=constructor -dwarf-version=5 -debugger-tuning=gdb -v -fcoverage-compilation-dir=/src/libxml2-2.13.4/build/CMakeFiles/CMakeTmp -resource-dir /usr/lib/llvm-16/lib/clang/16 -dependency-file CMakeFiles/cmTC_f9b3f.dir/CMakeCCompilerABI.c.o.d -MT CMakeFiles/cmTC_f9b3f.dir/CMakeCCompilerABI.c.o -sys-header-deps -D __AFL_COMPILER=1 -D FUZZING_BUILD_MODE_UNSAFE_FOR_PRODUCTION=1 -D "__AFL_COVERAGE()=int __afl_selective_coverage = 1;void __afl_coverage_discard();void __afl_coverage_skip();void __afl_coverage_on();void __afl_coverage_off();" -D "__AFL_COVERAGE_START_OFF()=int __afl_selective_coverage_start_off = 1;" -D __AFL_COVERAGE_ON()=__afl_coverage_on() -D __AFL_COVERAGE_OFF()=__afl_coverage_off() -D __AFL_COVERAGE_DISCARD()=__afl_coverage_discard() -D __AFL_COVERAGE_SKIP()=__afl_coverage_skip() -D __AFL_HAVE_MANUAL_CONTROL=1 -D "__AFL_FUZZ_INIT()=int __afl_sharedmem_fuzzing = 1;extern __attribute__((visibility(\"default\"))) unsigned int *__afl_fuzz_len;extern __attribute__((visibility(\"default\"))) unsigned char *__afl_fuzz_ptr;unsigned char __afl_fuzz_alt[1048576];unsigned char *__afl_fuzz_alt_ptr = __afl_fuzz_alt;" -D "__AFL_FUZZ_TESTCASE_BUF=(__afl_fuzz_ptr ? __afl_fuzz_ptr : __afl_fuzz_alt_ptr)" -D "__AFL_FUZZ_TESTCASE_LEN=(__afl_fuzz_ptr ? *__afl_fuzz_len : (*__afl_fuzz_len = read(0, __afl_fuzz_alt_ptr, 1048576)) == 0xffffffff ? 0 : *__afl_fuzz_len)" -D "__AFL_LOOP(_A)=({ static volatile const char *_B __attribute__((used,unused));  _B = (const char*)\"##SIG_AFL_PERSISTENT##\"; extern __attribute__((visibility(\"default\"))) int __afl_connected;__attribute__((visibility(\"default\"))) int _L(unsigned int) __asm__(\"__afl_persistent_loop\"); _L(__afl_connected ? _A : 1); })" -D "__AFL_INIT()=do { static volatile const char *_A __attribute__((used,unused));  _A = (const char*)\"##SIG_AFL_DEFER_FORKSRV##\"; __attribute__((visibility(\"default\"))) void _I(void) __asm__(\"__afl_manual_init\"); _I(); } while (0)" -internal-isystem /usr/lib/llvm-16/lib/clang/16/include -internal-isystem /usr/local/include -internal-isystem /usr/lib/gcc/x86_64-linux-gnu/11/../../../../x86_64-linux-gnu/include -internal-externc-isystem /usr/include/x86_64-linux-gnu -internal-externc-isystem /include -internal-externc-isystem /usr/include -O3 -Wno-unused-command-line-argument -fdebug-compilation-dir=/src/libxml2-2.13.4/build/CMakeFiles/CMakeTmp -ferror-limit 19 -funroll-loops -fgnuc-version=4.2.1 -vectorize-loops -vectorize-slp -fpass-plugin=/AFLplusplus/SanitizerCoveragePCGUARD.so -faddrsig -D__GCC_HAVE_DWARF2_CFI_ASM=1 -o CMakeFiles/cmTC_f9b3f.dir/CMakeCCompilerABI.c.o -x c /usr/share/cmake-3.22/Modules/CMakeCCompilerABI.c
clang -cc1 version 16.0.6 based upon LLVM 16.0.6 default target x86_64-pc-linux-gnu
ignoring nonexistent directory "/usr/lib/gcc/x86_64-linux-gnu/11/../../../../x86_64-linux-gnu/include"
ignoring nonexistent directory "/include"
#include "..." search starts here:
#include <...> search starts here:
 /usr/lib/llvm-16/lib/clang/16/include
 /usr/local/include
 /usr/include/x86_64-linux-gnu
 /usr/include
End of search list.
Linking C executable cmTC_f9b3f
/usr/bin/cmake -E cmake_link_script CMakeFiles/cmTC_f9b3f.dir/link.txt --verbose=1
/AFLplusplus/afl-cc  -v CMakeFiles/cmTC_f9b3f.dir/CMakeCCompilerABI.c.o -o cmTC_f9b3f 
Ubuntu clang version 16.0.6 (++20231112100510+7cbf1a259152-1~exp1~20231112100554.106)
Target: x86_64-pc-linux-gnu
Thread model: posix
InstalledDir: /usr/lib/llvm-16/bin
Found candidate GCC installation: /usr/lib/gcc/x86_64-linux-gnu/11
Selected GCC installation: /usr/lib/gcc/x86_64-linux-gnu/11
Candidate multilib: .;@m64
Candidate multilib: 32;@m32
Candidate multilib: x32;@mx32
Selected multilib: .;@m64
 "/usr/bin/ld" -pie -z relro --hash-style=gnu --build-id --eh-frame-hdr -m elf_x86_64 -dynamic-linker /lib64/ld-linux-x86-64.so.2 -o cmTC_f9b3f /lib/x86_64-linux-gnu/Scrt1.o /lib/x86_64-linux-gnu/crti.o /usr/lib/gcc/x86_64-linux-gnu/11/crtbeginS.o -L/usr/lib/gcc/x86_64-linux-gnu/11 -L/usr/lib/gcc/x86_64-linux-gnu/11/../../../../lib64 -L/lib/x86_64-linux-gnu -L/lib/../lib64 -L/usr/lib/x86_64-linux-gnu -L/usr/lib/../lib64 -L/usr/lib/llvm-16/bin/../lib -L/lib -L/usr/lib CMakeFiles/cmTC_f9b3f.dir/CMakeCCompilerABI.c.o /AFLplusplus/afl-compiler-rt.o --dynamic-list=/AFLplusplus/dynamic_list.txt -lgcc --as-needed -lgcc_s --no-as-needed -lc -lgcc --as-needed -lgcc_s --no-as-needed /usr/lib/gcc/x86_64-linux-gnu/11/crtendS.o /lib/x86_64-linux-gnu/crtn.o
gmake[1]: Leaving directory '/src/libxml2-2.13.4/build/CMakeFiles/CMakeTmp'



Parsed C implicit include dir info from above output: rv=done
  found start of include info
  found start of implicit include info
    add: [/usr/lib/llvm-16/lib/clang/16/include]
    add: [/usr/local/include]
    add: [/usr/include/x86_64-linux-gnu]
    add: [/usr/include]
  end of search list found
  collapse include dir [/usr/lib/llvm-16/lib/clang/16/include] ==> [/usr/lib/llvm-16/lib/clang/16/include]
  collapse include dir [/usr/local/include] ==> [/usr/local/include]
  collapse include dir [/usr/include/x86_64-linux-gnu] ==> [/usr/include/x86_64-linux-gnu]
  collapse include dir [/usr/include] ==> [/usr/include]
  implicit include dirs: [/usr/lib/llvm-16/lib/clang/16/include;/usr/local/include;/usr/include/x86_64-linux-gnu;/usr/include]


Parsed C implicit link information from above output:
  link line regex: [^( *|.*[/\])(ld|CMAKE_LINK_STARTFILE-NOTFOUND|([^/\]+-)?ld|collect2)[^/\]*( |$)]
  ignore line: [Change Dir: /src/libxml2-2.13.4/build/CMakeFiles/CMakeTmp]
  ignore line: []
  ignore line: [Run Build Command(s):/usr/bin/gmake -f Makefile cmTC_f9b3f/fast && /usr/bin/gmake  -f CMakeFiles/cmTC_f9b3f.dir/build.make CMakeFiles/cmTC_f9b3f.dir/build]
  ignore line: [gmake[1]: Entering directory '/src/libxml2-2.13.4/build/CMakeFiles/CMakeTmp']
  ignore line: [Building C object CMakeFiles/cmTC_f9b3f.dir/CMakeCCompilerABI.c.o]
  ignore line: [/AFLplusplus/afl-cc   -v -MD -MT CMakeFiles/cmTC_f9b3f.dir/CMakeCCompilerABI.c.o -MF CMakeFiles/cmTC_f9b3f.dir/CMakeCCompilerABI.c.o.d -o CMakeFiles/cmTC_f9b3f.dir/CMakeCCompilerABI.c.o -c /usr/share/cmake-3.22/Modules/CMakeCCompilerABI.c]
  ignore line: [Ubuntu clang version 16.0.6 (++20231112100510+7cbf1a259152-1~exp1~20231112100554.106)]
  ignore line: [Target: x86_64-pc-linux-gnu]
  ignore line: [Thread model: posix]
  ignore line: [InstalledDir: /usr/lib/llvm-16/bin]
  ignore line: [Found candidate GCC installation: /usr/lib/gcc/x86_64-linux-gnu/11]
  ignore line: [Selected GCC installation: /usr/lib/gcc/x86_64-linux-gnu/11]
  ignore line: [Candidate multilib: .]
  ignore line: [@m64]
  ignore line: [Candidate multilib: 32]
  ignore line: [@m32]
  ignore line: [Candidate multilib: x32]
  ignore line: [@mx32]
  ignore line: [Selected multilib: .]
  ignore line: [@m64]
  ignore line: [ (in-process)]
  ignore line: [ "/usr/lib/llvm-16/bin/clang" -cc1 -triple x86_64-pc-linux-gnu -emit-obj -disable-free -clear-ast-before-backend -disable-llvm-verifier -discard-value-names -main-file-name CMakeCCompilerABI.c -mrelocation-model pic -pic-level 2 -fhalf-no-semantic-interposition -mframe-pointer=none -fmath-errno -ffp-contract=on -fno-rounding-math -mconstructor-aliases -funwind-tables=2 -target-cpu x86-64 -tune-cpu generic -mllvm -treat-scalable-fixed-error-as-warning -debug-info-kind=constructor -dwarf-version=5 -debugger-tuning=gdb -v -fcoverage-compilation-dir=/src/libxml2-2.13.4/build/CMakeFiles/CMakeTmp -resource-dir /usr/lib/llvm-16/lib/clang/16 -dependency-file CMakeFiles/cmTC_f9b3f.dir/CMakeCCompilerABI.c.o.d -MT CMakeFiles/cmTC_f9b3f.dir/CMakeCCompilerABI.c.o -sys-header-deps -D __AFL_COMPILER=1 -D FUZZING_BUILD_MODE_UNSAFE_FOR_PRODUCTION=1 -D "__AFL_COVERAGE()=int __afl_selective_coverage = 1]
  ignore line: [void __afl_coverage_discard()]
  ignore line: [void __afl_coverage_skip()]
  ignore line: [void __afl_coverage_on()]
  ignore line: [void __afl_coverage_off()]
  ignore line: [" -D "__AFL_COVERAGE_START_OFF()=int __afl_selective_coverage_start_off = 1]
  ignore line: [" -D __AFL_COVERAGE_ON()=__afl_coverage_on() -D __AFL_COVERAGE_OFF()=__afl_coverage_off() -D __AFL_COVERAGE_DISCARD()=__afl_coverage_discard() -D __AFL_COVERAGE_SKIP()=__afl_coverage_skip() -D __AFL_HAVE_MANUAL_CONTROL=1 -D "__AFL_FUZZ_INIT()=int __afl_sharedmem_fuzzing = 1]
  ignore line: [extern __attribute__((visibility(\"default\"))) unsigned int *__afl_fuzz_len]
  ignore line: [extern __attribute__((visibility(\"default\"))) unsigned char *__afl_fuzz_ptr]
  ignore line: [unsigned char __afl_fuzz_alt[1048576]]
  ignore line: [unsigned char *__afl_fuzz_alt_ptr = __afl_fuzz_alt]
  ignore line: [" -D "__AFL_FUZZ_TESTCASE_BUF=(__afl_fuzz_ptr ? __afl_fuzz_ptr : __afl_fuzz_alt_ptr)" -D "__AFL_FUZZ_TESTCASE_LEN=(__afl_fuzz_ptr ? *__afl_fuzz_len : (*__afl_fuzz_len = read(0  __afl_fuzz_alt_ptr  1048576)) == 0xffffffff ? 0 : *__afl_fuzz_len)" -D "__AFL_LOOP(_A)=({ static volatile const char *_B __attribute__((used unused))]
  ignore line: [  _B = (const char*)\"##SIG_AFL_PERSISTENT##\"]
  ignore line: [ extern __attribute__((visibility(\"default\"))) int __afl_connected]
  ignore line: [__attribute__((visibility(\"default\"))) int _L(unsigned int) __asm__(\"__afl_persistent_loop\")]
  ignore line: [ _L(__afl_connected ? _A : 1)]
  ignore line: [ })" -D "__AFL_INIT()=do { static volatile const char *_A __attribute__((used unused))]
  ignore line: [  _A = (const char*)\"##SIG_AFL_DEFER_FORKSRV##\"]
  ignore line: [ __attribute__((visibility(\"default\"))) void _I(void) __asm__(\"__afl_manual_init\")]
  ignore line: [ _I()]
  ignore line: [ } while (0)" -internal-isystem /usr/lib/llvm-16/lib/clang/16/include -internal-isystem /usr/local/include -internal-isystem /usr/lib/gcc/x86_64-linux-gnu/11/../../../../x86_64-linux-gnu/include -internal-externc-isystem /usr/include/x86_64-linux-gnu -internal-externc-isystem /include -internal-externc-isystem /usr/include -O3 -Wno-unused-command-line-argument -fdebug-compilation-dir=/src/libxml2-2.13.4/build/CMakeFiles/CMakeTmp -ferror-limit 19 -funroll-loops -fgnuc-version=4.2.1 -vectorize-loops -vectorize-slp -fpass-plugin=/AFLplusplus/SanitizerCoveragePCGUARD.so -faddrsig -D__GCC_HAVE_DWARF2_CFI_ASM=1 -o CMakeFiles/cmTC_f9b3f.dir/CMakeCCompilerABI.c.o -x c /usr/share/cmake-3.22/Modules/CMakeCCompilerABI.c]
  ignore line: [clang -cc1 version 16.0.6 based upon LLVM 16.0.6 default target x86_64-pc-linux-gnu]
  ignore line: [ignoring nonexistent directory "/usr/lib/gcc/x86_64-linux-gnu/11/../../../../x86_64-linux-gnu/include"]
  ignore line: [ignoring nonexistent directory "/include"]
  ignore line: [#include "..." search starts here:]
  ignore line: [#include <...> search starts here:]
  ignore line: [ /usr/lib/llvm-16/lib/clang/16/include]
  ignore line: [ /usr/local/include]
  ignore line: [ /usr/include/x86_64-linux-gnu]
  ignore line: [ /usr/include]
  ignore line: [End of search list.]
  ignore line: [Linking C executable cmTC_f9b3f]
  ignore line: [/usr/bin/cmake -E cmake_link_script CMakeFiles/cmTC_f9b3f.dir/link.txt --verbose=1]
  ignore line: [/AFLplusplus/afl-cc  -v CMakeFiles/cmTC_f9b3f.dir/CMakeCCompilerABI.c.o -o cmTC_f9b3f ]
  ignore line: [Ubuntu clang version 16.0.6 (++20231112100510+7cbf1a259152-1~exp1~20231112100554.106)]
  ignore line: [Target: x86_64-pc-linux-gnu]
  ignore line: [Thread model: posix]
  ignore line: [InstalledDir: /usr/lib/llvm-16/bin]
  ignore line: [Found candidate GCC installation: /usr/lib/gcc/x86_64-linux-gnu/11]
  ignore line: [Selected GCC installation: /usr/lib/gcc/x86_64-linux-gnu/11]
  ignore line: [Candidate multilib: .]
  ignore line: [@m64]
  ignore line: [Candidate multilib: 32]
  ignore line: [@m32]
  ignore line: [Candidate multilib: x32]
  ignore line: [@mx32]
  ignore line: [Selected multilib: .]
  ignore line: [@m64]
  link line: [ "/usr/bin/ld" -pie -z relro --hash-style=gnu --build-id --eh-frame-hdr -m elf_x86_64 -dynamic-linker /lib64/ld-linux-x86-64.so.2 -o cmTC_f9b3f /lib/x86_64-linux-gnu/Scrt1.o /lib/x86_64-linux-gnu/crti.o /usr/lib/gcc/x86_64-linux-gnu/11/crtbeginS.o -L/usr/lib/gcc/x86_64-linux-gnu/11 -L/usr/lib/gcc/x86_64-linux-gnu/11/../../../../lib64 -L/lib/x86_64-linux-gnu -L/lib/../lib64 -L/usr/lib/x86_64-linux-gnu -L/usr/lib/../lib64 -L/usr/lib/llvm-16/bin/../lib -L/lib -L/usr/lib CMakeFiles/cmTC_f9b3f.dir/CMakeCCompilerABI.c.o /AFLplusplus/afl-compiler-rt.o --dynamic-list=/AFLplusplus/dynamic_list.txt -lgcc --as-needed -lgcc_s --no-as-needed -lc -lgcc --as-needed -lgcc_s --no-as-needed /usr/lib/gcc/x86_64-linux-gnu/11/crtendS.o /lib/x86_64-linux-gnu/crtn.o]
    arg [/usr/bin/ld] ==> ignore
    arg [-pie] ==> ignore
    arg [-zrelro] ==> ignore
    arg [--hash-style=gnu] ==> ignore
    arg [--build-id] ==> ignore
    arg [--eh-frame-hdr] ==> ignore
    arg [-m] ==> ignore
    arg [elf_x86_64] ==> ignore
    arg [-dynamic-linker] ==> ignore
    arg [/lib64/ld-linux-x86-64.so.2] ==> ignore
    arg [-o] ==> ignore
    arg [cmTC_f9b3f] ==> ignore
    arg [/lib/x86_64-linux-gnu/Scrt1.o] ==> obj [/lib/x86_64-linux-gnu/Scrt1.o]
    arg [/lib/x86_64-linux-gnu/crti.o] ==> obj [/lib/x86_64-linux-gnu/crti.o]
    arg [/usr/lib/gcc/x86_64-linux-gnu/11/crtbeginS.o] ==> obj [/usr/lib/gcc/x86_64-linux-gnu/11/crtbeginS.o]
    arg [-L/usr/lib/gcc/x86_64-linux-gnu/11] ==> dir [/usr/lib/gcc/x86_64-linux-gnu/11]
    arg [-L/usr/lib/gcc/x86_64-linux-gnu/11/../../../../lib64] ==> dir [/usr/lib/gcc/x86_64-linux-gnu/11/../../../../lib64]
    arg [-L/lib/x86_64-linux-gnu] ==> dir [/lib/x86_64-linux-gnu]
    arg [-L/lib/../lib64] ==> dir [/lib/../lib64]
    arg [-L/usr/lib/x86_64-linux-gnu] ==> dir [/usr/lib/x86_64-linux-gnu]
    arg [-L/usr/lib/../lib64] ==> dir [/usr/lib/../lib64]
    arg [-L/usr/lib/llvm-16/bin/../lib] ==> dir [/usr/lib/llvm-16/bin/../lib]
    arg [-L/lib] ==> dir [/lib]
    arg [-L/usr/lib] ==> dir [/usr/lib]
    arg [CMakeFiles/cmTC_f9b3f.dir/CMakeCCompilerABI.c.o] ==> ignore
    arg [/AFLplusplus/afl-compiler-rt.o] ==> obj [/AFLplusplus/afl-compiler-rt.o]
    arg [--dynamic-list=/AFLplusplus/dynamic_list.txt] ==> ignore
    arg [-lgcc] ==> lib [gcc]
    arg [--as-needed] ==> ignore
    arg [-lgcc_s] ==> lib [gcc_s]
    arg [--no-as-needed] ==> ignore
    arg [-lc] ==> lib [c]
    arg [-lgcc] ==> lib [gcc]
    arg [--as-needed] ==> ignore
    arg [-lgcc_s] ==> lib [gcc_s]
    arg [--no-as-needed] ==> ignore
    arg [/usr/lib/gcc/x86_64-linux-gnu/11/crtendS.o] ==> obj [/usr/lib/gcc/x86_64-linux-gnu/11/crtendS.o]
    arg [/lib/x86_64-linux-gnu/crtn.o] ==> obj [/lib/x86_64-linux-gnu/crtn.o]
  collapse library dir [/usr/lib/gcc/x86_64-linux-gnu/11] ==> [/usr/lib/gcc/x86_64-linux-gnu/11]
  collapse library dir [/usr/lib/gcc/x86_64-linux-gnu/11/../../../../lib64] ==> [/usr/lib64]
  collapse library dir [/lib/x86_64-linux-gnu] ==> [/lib/x86_64-linux-gnu]
  collapse library dir [/lib/../lib64] ==> [/lib64]
  collapse library dir [/usr/lib/x86_64-linux-gnu] ==> [/usr/lib/x86_64-linux-gnu]
  collapse library dir [/usr/lib/../lib64] ==> [/usr/lib64]
  collapse library dir [/usr/lib/llvm-16/bin/../lib] ==> [/usr/lib/llvm-16/lib]
  collapse library dir [/lib] ==> [/lib]
  collapse library dir [/usr/lib] ==> [/usr/lib]
  implicit libs: [gcc;gcc_s;c;gcc;gcc_s]
  implicit objs: [/lib/x86_64-linux-gnu/Scrt1.o;/lib/x86_64-linux-gnu/crti.o;/usr/lib/gcc/x86_64-linux-gnu/11/crtbeginS.o;/AFLplusplus/afl-compiler-rt.o;/usr/lib/gcc/x86_64-linux-gnu/11/crtendS.o;/lib/x86_64-linux-gnu/crtn.o]
  implicit dirs: [/usr/lib/gcc/x86_64-linux-gnu/11;/usr/lib64;/lib/x86_64-linux-gnu;/lib64;/usr/lib/x86_64-linux-gnu;/usr/lib/llvm-16/lib;/lib;/usr/lib]
  implicit fwks: []


Determining if files unistd.h exist passed with the following output:
Change Dir: /src/libxml2-2.13.4/build/CMakeFiles/CMakeTmp

Run Build Command(s):/usr/bin/gmake -f Makefile cmTC_d0409/fast && /usr/bin/gmake  -f CMakeFiles/cmTC_d0409.dir/build.make CMakeFiles/cmTC_d0409.dir/build
gmake[1]: Entering directory '/src/libxml2-2.13.4/build/CMakeFiles/CMakeTmp'
Building C object CMakeFiles/cmTC_d0409.dir/HAVE_UNISTD_H.c.o
/AFLplusplus/afl-cc    -MD -MT CMakeFiles/cmTC_d0409.dir/HAVE_UNISTD_H.c.o -MF CMakeFiles/cmTC_d0409.dir/HAVE_UNISTD_H.c.o.d -o CMakeFiles/cmTC_d0409.dir/HAVE_UNISTD_H.c.o -c /src/libxml2-2.13.4/build/CMakeFiles/CheckIncludeFiles/HAVE_UNISTD_H.c
Linking C executable cmTC_d0409
/usr/bin/cmake -E cmake_link_script CMakeFiles/cmTC_d0409.dir/link.txt --verbose=1
/AFLplusplus/afl-cc CMakeFiles/cmTC_d0409.dir/HAVE_UNISTD_H.c.o -o cmTC_d0409 
gmake[1]: Leaving directory '/src/libxml2-2.13.4/build/CMakeFiles/CMakeTmp'



Determining if the F_GETFL exist passed with the following output:
Change Dir: /src/libxml2-2.13.4/build/CMakeFiles/CMakeTmp

Run Build Command(s):/usr/bin/gmake -f Makefile cmTC_2125a/fast && /usr/bin/gmake  -f CMakeFiles/cmTC_2125a.dir/build.make CMakeFiles/cmTC_2125a.dir/build
gmake[1]: Entering directory '/src/libxml2-2.13.4/build/CMakeFiles/CMakeTmp'
Building C object CMakeFiles/cmTC_2125a.dir/CheckSymbolExists.c.o
/AFLplusplus/afl-cc    -MD -MT CMakeFiles/cmTC_2125a.dir/CheckSymbolExists.c.o -MF CMakeFiles/cmTC_2125a.dir/CheckSymbolExists.c.o.d -o CMakeFiles/cmTC_2125a.dir/CheckSymbolExists.c.o -c /src/libxml2-2.13.4/build/CMakeFiles/CMakeTmp/CheckSymbolExists.c
Linking C executable cmTC_2125a
/usr/bin/cmake -E cmake_link_script CMakeFiles/cmTC_2125a.dir/link.txt --verbose=1
/AFLplusplus/afl-cc CMakeFiles/cmTC_2125a.dir/CheckSymbolExists.c.o -o cmTC_2125a 
gmake[1]: Leaving directory '/src/libxml2-2.13.4/build/CMakeFiles/CMakeTmp'


File /src/libxml2-2.13.4/build/CMakeFiles/CMakeTmp/CheckSymbolExists.c:
/* */
#include <fcntl.h>

int main(int argc, char** argv)
{
  (void)argv;
#ifndef F_GETFL
  return ((int*)(&F_GETFL))[argc];
#else
  (void)argc;
  return 0;
#endif
}
Performing C SOURCE FILE Test Iconv_IS_BUILT_IN succeeded with the following output:
Change Dir: /src/libxml2-2.13.4/build/CMakeFiles/CMakeTmp

Run Build Command(s):/usr/bin/gmake -f Makefile cmTC_39121/fast && /usr/bin/gmake  -f CMakeFiles/cmTC_39121.dir/build.make CMakeFiles/cmTC_39121.dir/build
gmake[1]: Entering directory '/src/libxml2-2.13.4/build/CMakeFiles/CMakeTmp'
Building C object CMakeFiles/cmTC_39121.dir/src.c.o
/AFLplusplus/afl-cc -DIconv_IS_BUILT_IN   -MD -MT CMakeFiles/cmTC_39121.dir/src.c.o -MF CMakeFiles/cmTC_39121.dir/src.c.o.d -o CMakeFiles/cmTC_39121.dir/src.c.o -c /src/libxml2-2.13.4/build/CMakeFiles/CMakeTmp/src.c
Linking C executable cmTC_39121
/usr/bin/cmake -E cmake_link_script CMakeFiles/cmTC_39121.dir/link.txt --verbose=1
/AFLplusplus/afl-cc CMakeFiles/cmTC_39121.dir/src.c.o -o cmTC_39121 
gmake[1]: Leaving directory '/src/libxml2-2.13.4/build/CMakeFiles/CMakeTmp'


Source file was:

      #include <stddef.h>
      #include <iconv.h>
      int main() {
        char *a, *b;
        size_t i, j;
        iconv_t ic;
        ic = iconv_open("to", "from");
        iconv(ic, &a, &i, &b, &j);
        iconv_close(ic);
      }
      
Determining if the include file pthread.h exists passed with the following output:
Change Dir: /src/libxml2-2.13.4/build/CMakeFiles/CMakeTmp

Run Build Command(s):/usr/bin/gmake -f Makefile cmTC_d2611/fast && /usr/bin/gmake  -f CMakeFiles/cmTC_d2611.dir/build.make CMakeFiles/cmTC_d2611.dir/build
gmake[1]: Entering directory '/src/libxml2-2.13.4/build/CMakeFiles/CMakeTmp'
Building C object CMakeFiles/cmTC_d2611.dir/CheckIncludeFile.c.o
/AFLplusplus/afl-cc    -MD -MT CMakeFiles/cmTC_d2611.dir/CheckIncludeFile.c.o -MF CMakeFiles/cmTC_d2611.dir/CheckIncludeFile.c.o.d -o CMakeFiles/cmTC_d2611.dir/CheckIncludeFile.c.o -c /src/libxml2-2.13.4/build/CMakeFiles/CMakeTmp/CheckIncludeFile.c
Linking C executable cmTC_d2611
/usr/bin/cmake -E cmake_link_script CMakeFiles/cmTC_d2611.dir/link.txt --verbose=1
/AFLplusplus/afl-cc CMakeFiles/cmTC_d2611.dir/CheckIncludeFile.c.o -o cmTC_d2611 
gmake[1]: Leaving directory '/src/libxml2-2.13.4/build/CMakeFiles/CMakeTmp'



Performing C SOURCE FILE Test CMAKE_HAVE_LIBC_PTHREAD succeeded with the following output:
Change Dir: /src/libxml2-2.13.4/build/CMakeFiles/CMakeTmp

Run Build Command(s):/usr/bin/gmake -f Makefile cmTC_47a50/fast && /usr/bin/gmake  -f CMakeFiles/cmTC_47a50.dir/build.make CMakeFiles/cmTC_47a50.dir/build
gmake[1]: Entering directory '/src/libxml2-2.13.4/build/CMakeFiles/CMakeTmp'
Building C object CMakeFiles/cmTC_47a50.dir/src.c.o
/AFLplusplus/afl-cc -DCMAKE_HAVE_LIBC_PTHREAD   -MD -MT CMakeFiles/cmTC_47a50.dir/src.c.o -MF CMakeFiles/cmTC_47a50.dir/src.c.o.d -o CMakeFiles/cmTC_47a50.dir/src.c.o -c /src/libxml2-2.13.4/build/CMakeFiles/CMakeTmp/src.c
Linking C executable cmTC_47a50
/usr/bin/cmake -E cmake_link_script CMakeFiles/cmTC_47a50.dir/link.txt --verbose=1
/AFLplusplus/afl-cc CMakeFiles/cmTC_47a50.dir/src.c.o -o cmTC_47a50 
gmake[1]: Leaving directory '/src/libxml2-2.13.4/build/CMakeFiles/CMakeTmp'


Source file was:
#include <pthread.h>

static void* test_func(void* data)
{
  return data;
}

int main(void)
{
  pthread_t thread;
  pthread_create(&thread, NULL, test_func, NULL);
  pthread_detach(thread);
  pthread_cancel(thread);
  pthread_join(thread, NULL);
  pthread_atfork(NULL, NULL, NULL);
  pthread_exit(NULL);

  return 0;
}

Performing C SOURCE FILE Test HAVE_ATTRIBUTE_DESTRUCTOR succeeded with the following output:
Change Dir: /src/libxml2-2.13.4/build/CMakeFiles/CMakeTmp

Run Build Command(s):/usr/bin/gmake -f Makefile cmTC_075f0/fast && /usr/bin/gmake  -f CMakeFiles/cmTC_075f0.dir/build.make CMakeFiles/cmTC_075f0.dir/build
gmake[1]: Entering directory '/src/libxml2-2.13.4/build/CMakeFiles/CMakeTmp'
Building C object CMakeFiles/cmTC_075f0.dir/src.c.o
/AFLplusplus/afl-cc -DHAVE_ATTRIBUTE_DESTRUCTOR   -MD -MT CMakeFiles/cmTC_075f0.dir/src.c.o -MF CMakeFiles/cmTC_075f0.dir/src.c.o.d -o CMakeFiles/cmTC_075f0.dir/src.c.o -c /src/libxml2-2.13.4/build/CMakeFiles/CMakeTmp/src.c
Linking C executable cmTC_075f0
/usr/bin/cmake -E cmake_link_script CMakeFiles/cmTC_075f0.dir/link.txt --verbose=1
/AFLplusplus/afl-cc CMakeFiles/cmTC_075f0.dir/src.c.o -o cmTC_075f0 
gmake[1]: Leaving directory '/src/libxml2-2.13.4/build/CMakeFiles/CMakeTmp'


Source file was:

        void __attribute__((destructor))
        f(void) {}
        int main(void) { return 0; }
    
Determining if files arpa/inet.h exist passed with the following output:
Change Dir: /src/libxml2-2.13.4/build/CMakeFiles/CMakeTmp

Run Build Command(s):/usr/bin/gmake -f Makefile cmTC_20cee/fast && /usr/bin/gmake  -f CMakeFiles/cmTC_20cee.dir/build.make CMakeFiles/cmTC_20cee.dir/build
gmake[1]: Entering directory '/src/libxml2-2.13.4/build/CMakeFiles/CMakeTmp'
Building C object CMakeFiles/cmTC_20cee.dir/HAVE_ARPA_INET_H.c.o
/AFLplusplus/afl-cc    -MD -MT CMakeFiles/cmTC_20cee.dir/HAVE_ARPA_INET_H.c.o -MF CMakeFiles/cmTC_20cee.dir/HAVE_ARPA_INET_H.c.o.d -o CMakeFiles/cmTC_20cee.dir/HAVE_ARPA_INET_H.c.o -c /src/libxml2-2.13.4/build/CMakeFiles/CheckIncludeFiles/HAVE_ARPA_INET_H.c
Linking C executable cmTC_20cee
/usr/bin/cmake -E cmake_link_script CMakeFiles/cmTC_20cee.dir/link.txt --verbose=1
/AFLplusplus/afl-cc CMakeFiles/cmTC_20cee.dir/HAVE_ARPA_INET_H.c.o -o cmTC_20cee 
gmake[1]: Leaving directory '/src/libxml2-2.13.4/build/CMakeFiles/CMakeTmp'



Determining if files dlfcn.h exist passed with the following output:
Change Dir: /src/libxml2-2.13.4/build/CMakeFiles/CMakeTmp

Run Build Command(s):/usr/bin/gmake -f Makefile cmTC_ab90f/fast && /usr/bin/gmake  -f CMakeFiles/cmTC_ab90f.dir/build.make CMakeFiles/cmTC_ab90f.dir/build
gmake[1]: Entering directory '/src/libxml2-2.13.4/build/CMakeFiles/CMakeTmp'
Building C object CMakeFiles/cmTC_ab90f.dir/HAVE_DLFCN_H.c.o
/AFLplusplus/afl-cc    -MD -MT CMakeFiles/cmTC_ab90f.dir/HAVE_DLFCN_H.c.o -MF CMakeFiles/cmTC_ab90f.dir/HAVE_DLFCN_H.c.o.d -o CMakeFiles/cmTC_ab90f.dir/HAVE_DLFCN_H.c.o -c /src/libxml2-2.13.4/build/CMakeFiles/CheckIncludeFiles/HAVE_DLFCN_H.c
Linking C executable cmTC_ab90f
/usr/bin/cmake -E cmake_link_script CMakeFiles/cmTC_ab90f.dir/link.txt --verbose=1
/AFLplusplus/afl-cc CMakeFiles/cmTC_ab90f.dir/HAVE_DLFCN_H.c.o -o cmTC_ab90f 
gmake[1]: Leaving directory '/src/libxml2-2.13.4/build/CMakeFiles/CMakeTmp'



Determining if the function dlopen exists in the dl passed with the following output:
Change Dir: /src/libxml2-2.13.4/build/CMakeFiles/CMakeTmp

Run Build Command(s):/usr/bin/gmake -f Makefile cmTC_ea51e/fast && /usr/bin/gmake  -f CMakeFiles/cmTC_ea51e.dir/build.make CMakeFiles/cmTC_ea51e.dir/build
gmake[1]: Entering directory '/src/libxml2-2.13.4/build/CMakeFiles/CMakeTmp'
Building C object CMakeFiles/cmTC_ea51e.dir/CheckFunctionExists.c.o
/AFLplusplus/afl-cc   -DCHECK_FUNCTION_EXISTS=dlopen -MD -MT CMakeFiles/cmTC_ea51e.dir/CheckFunctionExists.c.o -MF CMakeFiles/cmTC_ea51e.dir/CheckFunctionExists.c.o.d -o CMakeFiles/cmTC_ea51e.dir/CheckFunctionExists.c.o -c /usr/share/cmake-3.22/Modules/CheckFunctionExists.c
WARNING: dlopen() detected. To have coverage for a library that your target dlopen()'s this must either happen before __AFL_INIT() or you must use AFL_PRELOAD to preload all dlopen()'ed libraries!
Linking C executable cmTC_ea51e
/usr/bin/cmake -E cmake_link_script CMakeFiles/cmTC_ea51e.dir/link.txt --verbose=1
/AFLplusplus/afl-cc  -DCHECK_FUNCTION_EXISTS=dlopen CMakeFiles/cmTC_ea51e.dir/CheckFunctionExists.c.o -o cmTC_ea51e  -ldl 
gmake[1]: Leaving directory '/src/libxml2-2.13.4/build/CMakeFiles/CMakeTmp'



Determining if files fcntl.h exist passed with the following output:
Change Dir: /src/libxml2-2.13.4/build/CMakeFiles/CMakeTmp

Run Build Command(s):/usr/bin/gmake -f Makefile cmTC_7ab76/fast && /usr/bin/gmake  -f CMakeFiles/cmTC_7ab76.dir/build.make CMakeFiles/cmTC_7ab76.dir/build
gmake[1]: Entering directory '/src/libxml2-2.13.4/build/CMakeFiles/CMakeTmp'
Building C object CMakeFiles/cmTC_7ab76.dir/HAVE_FCNTL_H.c.o
/AFLplusplus/afl-cc    -MD -MT CMakeFiles/cmTC_7ab76.dir/HAVE_FCNTL_H.c.o -MF CMakeFiles/cmTC_7ab76.dir/HAVE_FCNTL_H.c.o.d -o CMakeFiles/cmTC_7ab76.dir/HAVE_FCNTL_H.c.o -c /src/libxml2-2.13.4/build/CMakeFiles/CheckIncludeFiles/HAVE_FCNTL_H.c
Linking C executable cmTC_7ab76
/usr/bin/cmake -E cmake_link_script CMakeFiles/cmTC_7ab76.dir/link.txt --verbose=1
/AFLplusplus/afl-cc CMakeFiles/cmTC_7ab76.dir/HAVE_FCNTL_H.c.o -o cmTC_7ab76 
gmake[1]: Leaving directory '/src/libxml2-2.13.4/build/CMakeFiles/CMakeTmp'



Determining if the function ftime exists passed with the following output:
Change Dir: /src/libxml2-2.13.4/build/CMakeFiles/CMakeTmp

Run Build Command(s):/usr/bin/gmake -f Makefile cmTC_fe227/fast && /usr/bin/gmake  -f CMakeFiles/cmTC_fe227.dir/build.make CMakeFiles/cmTC_fe227.dir/build
gmake[1]: Entering directory '/src/libxml2-2.13.4/build/CMakeFiles/CMakeTmp'
Building C object CMakeFiles/cmTC_fe227.dir/CheckFunctionExists.c.o
/AFLplusplus/afl-cc   -DCHECK_FUNCTION_EXISTS=ftime -MD -MT CMakeFiles/cmTC_fe227.dir/CheckFunctionExists.c.o -MF CMakeFiles/cmTC_fe227.dir/CheckFunctionExists.c.o.d -o CMakeFiles/cmTC_fe227.dir/CheckFunctionExists.c.o -c /usr/share/cmake-3.22/Modules/CheckFunctionExists.c
Linking C executable cmTC_fe227
/usr/bin/cmake -E cmake_link_script CMakeFiles/cmTC_fe227.dir/link.txt --verbose=1
/AFLplusplus/afl-cc  -DCHECK_FUNCTION_EXISTS=ftime CMakeFiles/cmTC_fe227.dir/CheckFunctionExists.c.o -o cmTC_fe227 
gmake[1]: Leaving directory '/src/libxml2-2.13.4/build/CMakeFiles/CMakeTmp'



Determining if the function getentropy exists passed with the following output:
Change Dir: /src/libxml2-2.13.4/build/CMakeFiles/CMakeTmp

Run Build Command(s):/usr/bin/gmake -f Makefile cmTC_7904c/fast && /usr/bin/gmake  -f CMakeFiles/cmTC_7904c.dir/build.make CMakeFiles/cmTC_7904c.dir/build
gmake[1]: Entering directory '/src/libxml2-2.13.4/build/CMakeFiles/CMakeTmp'
Building C object CMakeFiles/cmTC_7904c.dir/CheckFunctionExists.c.o
/AFLplusplus/afl-cc   -DCHECK_FUNCTION_EXISTS=getentropy -MD -MT CMakeFiles/cmTC_7904c.dir/CheckFunctionExists.c.o -MF CMakeFiles/cmTC_7904c.dir/CheckFunctionExists.c.o.d -o CMakeFiles/cmTC_7904c.dir/CheckFunctionExists.c.o -c /usr/share/cmake-3.22/Modules/CheckFunctionExists.c
Linking C executable cmTC_7904c
/usr/bin/cmake -E cmake_link_script CMakeFiles/cmTC_7904c.dir/link.txt --verbose=1
/AFLplusplus/afl-cc  -DCHECK_FUNCTION_EXISTS=getentropy CMakeFiles/cmTC_7904c.dir/CheckFunctionExists.c.o -o cmTC_7904c 
gmake[1]: Leaving directory '/src/libxml2-2.13.4/build/CMakeFiles/CMakeTmp'



Determining if the function gettimeofday exists passed with the following output:
Change Dir: /src/libxml2-2.13.4/build/CMakeFiles/CMakeTmp

Run Build Command(s):/usr/bin/gmake -f Makefile cmTC_4c697/fast && /usr/bin/gmake  -f CMakeFiles/cmTC_4c697.dir/build.make CMakeFiles/cmTC_4c697.dir/build
gmake[1]: Entering directory '/src/libxml2-2.13.4/build/CMakeFiles/CMakeTmp'
Building C object CMakeFiles/cmTC_4c697.dir/CheckFunctionExists.c.o
/AFLplusplus/afl-cc   -DCHECK_FUNCTION_EXISTS=gettimeofday -MD -MT CMakeFiles/cmTC_4c697.dir/CheckFunctionExists.c.o -MF CMakeFiles/cmTC_4c697.dir/CheckFunctionExists.c.o.d -o CMakeFiles/cmTC_4c697.dir/CheckFunctionExists.c.o -c /usr/share/cmake-3.22/Modules/CheckFunctionExists.c
Linking C executable cmTC_4c697
/usr/bin/cmake -E cmake_link_script CMakeFiles/cmTC_4c697.dir/link.txt --verbose=1
/AFLplusplus/afl-cc  -DCHECK_FUNCTION_EXISTS=gettimeofday CMakeFiles/cmTC_4c697.dir/CheckFunctionExists.c.o -o cmTC_4c697 
gmake[1]: Leaving directory '/src/libxml2-2.13.4/build/CMakeFiles/CMakeTmp'



Determining if the function mmap exists passed with the following output:
Change Dir: /src/libxml2-2.13.4/build/CMakeFiles/CMakeTmp

Run Build Command(s):/usr/bin/gmake -f Makefile cmTC_425d6/fast && /usr/bin/gmake  -f CMakeFiles/cmTC_425d6.dir/build.make CMakeFiles/cmTC_425d6.dir/build
gmake[1]: Entering directory '/src/libxml2-2.13.4/build/CMakeFiles/CMakeTmp'
Building C object CMakeFiles/cmTC_425d6.dir/CheckFunctionExists.c.o
/AFLplusplus/afl-cc   -DCHECK_FUNCTION_EXISTS=mmap -MD -MT CMakeFiles/cmTC_425d6.dir/CheckFunctionExists.c.o -MF CMakeFiles/cmTC_425d6.dir/CheckFunctionExists.c.o.d -o CMakeFiles/cmTC_425d6.dir/CheckFunctionExists.c.o -c /usr/share/cmake-3.22/Modules/CheckFunctionExists.c
Linking C executable cmTC_425d6
/usr/bin/cmake -E cmake_link_script CMakeFiles/cmTC_425d6.dir/link.txt --verbose=1
/AFLplusplus/afl-cc  -DCHECK_FUNCTION_EXISTS=mmap CMakeFiles/cmTC_425d6.dir/CheckFunctionExists.c.o -o cmTC_425d6 
gmake[1]: Leaving directory '/src/libxml2-2.13.4/build/CMakeFiles/CMakeTmp'



Determining if the function munmap exists passed with the following output:
Change Dir: /src/libxml2-2.13.4/build/CMakeFiles/CMakeTmp

Run Build Command(s):/usr/bin/gmake -f Makefile cmTC_dcba6/fast && /usr/bin/gmake  -f CMakeFiles/cmTC_dcba6.dir/build.make CMakeFiles/cmTC_dcba6.dir/build
gmake[1]: Entering directory '/src/libxml2-2.13.4/build/CMakeFiles/CMakeTmp'
Building C object CMakeFiles/cmTC_dcba6.dir/CheckFunctionExists.c.o
/AFLplusplus/afl-cc   -DCHECK_FUNCTION_EXISTS=munmap -MD -MT CMakeFiles/cmTC_dcba6.dir/CheckFunctionExists.c.o -MF CMakeFiles/cmTC_dcba6.dir/CheckFunctionExists.c.o.d -o CMakeFiles/cmTC_dcba6.dir/CheckFunctionExists.c.o -c /usr/share/cmake-3.22/Modules/CheckFunctionExists.c
Linking C executable cmTC_dcba6
/usr/bin/cmake -E cmake_link_script CMakeFiles/cmTC_dcba6.dir/link.txt --verbose=1
/AFLplusplus/afl-cc  -DCHECK_FUNCTION_EXISTS=munmap CMakeFiles/cmTC_dcba6.dir/CheckFunctionExists.c.o -o cmTC_dcba6 
gmake[1]: Leaving directory '/src/libxml2-2.13.4/build/CMakeFiles/CMakeTmp'



Determining if files netdb.h exist passed with the following output:
Change Dir: /src/libxml2-2.13.4/build/CMakeFiles/CMakeTmp

Run Build Command(s):/usr/bin/gmake -f Makefile cmTC_1ea85/fast && /usr/bin/gmake  -f CMakeFiles/cmTC_1ea85.dir/build.make CMakeFiles/cmTC_1ea85.dir/build
gmake[1]: Entering directory '/src/libxml2-2.13.4/build/CMakeFiles/CMakeTmp'
Building C object CMakeFiles/cmTC_1ea85.dir/HAVE_NETDB_H.c.o
/AFLplusplus/afl-cc    -MD -MT CMakeFiles/cmTC_1ea85.dir/HAVE_NETDB_H.c.o -MF CMakeFiles/cmTC_1ea85.dir/HAVE_NETDB_H.c.o.d -o CMakeFiles/cmTC_1ea85.dir/HAVE_NETDB_H.c.o -c /src/libxml2-2.13.4/build/CMakeFiles/CheckIncludeFiles/HAVE_NETDB_H.c
Linking C executable cmTC_1ea85
/usr/bin/cmake -E cmake_link_script CMakeFiles/cmTC_1ea85.dir/link.txt --verbose=1
/AFLplusplus/afl-cc CMakeFiles/cmTC_1ea85.dir/HAVE_NETDB_H.c.o -o cmTC_1ea85 
gmake[1]: Leaving directory '/src/libxml2-2.13.4/build/CMakeFiles/CMakeTmp'



Determining if files netinet/in.h exist passed with the following output:
Change Dir: /src/libxml2-2.13.4/build/CMakeFiles/CMakeTmp

Run Build Command(s):/usr/bin/gmake -f Makefile cmTC_8816c/fast && /usr/bin/gmake  -f CMakeFiles/cmTC_8816c.dir/build.make CMakeFiles/cmTC_8816c.dir/build
gmake[1]: Entering directory '/src/libxml2-2.13.4/build/CMakeFiles/CMakeTmp'
Building C object CMakeFiles/cmTC_8816c.dir/HAVE_NETINET_IN_H.c.o
/AFLplusplus/afl-cc    -MD -MT CMakeFiles/cmTC_8816c.dir/HAVE_NETINET_IN_H.c.o -MF CMakeFiles/cmTC_8816c.dir/HAVE_NETINET_IN_H.c.o.d -o CMakeFiles/cmTC_8816c.dir/HAVE_NETINET_IN_H.c.o -c /src/libxml2-2.13.4/build/CMakeFiles/CheckIncludeFiles/HAVE_NETINET_IN_H.c
Linking C executable cmTC_8816c
/usr/bin/cmake -E cmake_link_script CMakeFiles/cmTC_8816c.dir/link.txt --verbose=1
/AFLplusplus/afl-cc CMakeFiles/cmTC_8816c.dir/HAVE_NETINET_IN_H.c.o -o cmTC_8816c 
gmake[1]: Leaving directory '/src/libxml2-2.13.4/build/CMakeFiles/CMakeTmp'



Determining if files poll.h exist passed with the following output:
Change Dir: /src/libxml2-2.13.4/build/CMakeFiles/CMakeTmp

Run Build Command(s):/usr/bin/gmake -f Makefile cmTC_2dc7d/fast && /usr/bin/gmake  -f CMakeFiles/cmTC_2dc7d.dir/build.make CMakeFiles/cmTC_2dc7d.dir/build
gmake[1]: Entering directory '/src/libxml2-2.13.4/build/CMakeFiles/CMakeTmp'
Building C object CMakeFiles/cmTC_2dc7d.dir/HAVE_POLL_H.c.o
/AFLplusplus/afl-cc    -MD -MT CMakeFiles/cmTC_2dc7d.dir/HAVE_POLL_H.c.o -MF CMakeFiles/cmTC_2dc7d.dir/HAVE_POLL_H.c.o.d -o CMakeFiles/cmTC_2dc7d.dir/HAVE_POLL_H.c.o -c /src/libxml2-2.13.4/build/CMakeFiles/CheckIncludeFiles/HAVE_POLL_H.c
Linking C executable cmTC_2dc7d
/usr/bin/cmake -E cmake_link_script CMakeFiles/cmTC_2dc7d.dir/link.txt --verbose=1
/AFLplusplus/afl-cc CMakeFiles/cmTC_2dc7d.dir/HAVE_POLL_H.c.o -o cmTC_2dc7d 
gmake[1]: Leaving directory '/src/libxml2-2.13.4/build/CMakeFiles/CMakeTmp'



Determining if the function stat exists passed with the following output:
Change Dir: /src/libxml2-2.13.4/build/CMakeFiles/CMakeTmp

Run Build Command(s):/usr/bin/gmake -f Makefile cmTC_a258c/fast && /usr/bin/gmake  -f CMakeFiles/cmTC_a258c.dir/build.make CMakeFiles/cmTC_a258c.dir/build
gmake[1]: Entering directory '/src/libxml2-2.13.4/build/CMakeFiles/CMakeTmp'
Building C object CMakeFiles/cmTC_a258c.dir/CheckFunctionExists.c.o
/AFLplusplus/afl-cc   -DCHECK_FUNCTION_EXISTS=stat -MD -MT CMakeFiles/cmTC_a258c.dir/CheckFunctionExists.c.o -MF CMakeFiles/cmTC_a258c.dir/CheckFunctionExists.c.o.d -o CMakeFiles/cmTC_a258c.dir/CheckFunctionExists.c.o -c /usr/share/cmake-3.22/Modules/CheckFunctionExists.c
Linking C executable cmTC_a258c
/usr/bin/cmake -E cmake_link_script CMakeFiles/cmTC_a258c.dir/link.txt --verbose=1
/AFLplusplus/afl-cc  -DCHECK_FUNCTION_EXISTS=stat CMakeFiles/cmTC_a258c.dir/CheckFunctionExists.c.o -o cmTC_a258c 
gmake[1]: Leaving directory '/src/libxml2-2.13.4/build/CMakeFiles/CMakeTmp'



Determining if files stdint.h exist passed with the following output:
Change Dir: /src/libxml2-2.13.4/build/CMakeFiles/CMakeTmp

Run Build Command(s):/usr/bin/gmake -f Makefile cmTC_1c887/fast && /usr/bin/gmake  -f CMakeFiles/cmTC_1c887.dir/build.make CMakeFiles/cmTC_1c887.dir/build
gmake[1]: Entering directory '/src/libxml2-2.13.4/build/CMakeFiles/CMakeTmp'
Building C object CMakeFiles/cmTC_1c887.dir/HAVE_STDINT_H.c.o
/AFLplusplus/afl-cc    -MD -MT CMakeFiles/cmTC_1c887.dir/HAVE_STDINT_H.c.o -MF CMakeFiles/cmTC_1c887.dir/HAVE_STDINT_H.c.o.d -o CMakeFiles/cmTC_1c887.dir/HAVE_STDINT_H.c.o -c /src/libxml2-2.13.4/build/CMakeFiles/CheckIncludeFiles/HAVE_STDINT_H.c
Linking C executable cmTC_1c887
/usr/bin/cmake -E cmake_link_script CMakeFiles/cmTC_1c887.dir/link.txt --verbose=1
/AFLplusplus/afl-cc CMakeFiles/cmTC_1c887.dir/HAVE_STDINT_H.c.o -o cmTC_1c887 
gmake[1]: Leaving directory '/src/libxml2-2.13.4/build/CMakeFiles/CMakeTmp'



Determining if files sys/mman.h exist passed with the following output:
Change Dir: /src/libxml2-2.13.4/build/CMakeFiles/CMakeTmp

Run Build Command(s):/usr/bin/gmake -f Makefile cmTC_2d941/fast && /usr/bin/gmake  -f CMakeFiles/cmTC_2d941.dir/build.make CMakeFiles/cmTC_2d941.dir/build
gmake[1]: Entering directory '/src/libxml2-2.13.4/build/CMakeFiles/CMakeTmp'
Building C object CMakeFiles/cmTC_2d941.dir/HAVE_SYS_MMAN_H.c.o
/AFLplusplus/afl-cc    -MD -MT CMakeFiles/cmTC_2d941.dir/HAVE_SYS_MMAN_H.c.o -MF CMakeFiles/cmTC_2d941.dir/HAVE_SYS_MMAN_H.c.o.d -o CMakeFiles/cmTC_2d941.dir/HAVE_SYS_MMAN_H.c.o -c /src/libxml2-2.13.4/build/CMakeFiles/CheckIncludeFiles/HAVE_SYS_MMAN_H.c
Linking C executable cmTC_2d941
/usr/bin/cmake -E cmake_link_script CMakeFiles/cmTC_2d941.dir/link.txt --verbose=1
/AFLplusplus/afl-cc CMakeFiles/cmTC_2d941.dir/HAVE_SYS_MMAN_H.c.o -o cmTC_2d941 
gmake[1]: Leaving directory '/src/libxml2-2.13.4/build/CMakeFiles/CMakeTmp'



Determining if files sys/random.h exist passed with the following output:
Change Dir: /src/libxml2-2.13.4/build/CMakeFiles/CMakeTmp

Run Build Command(s):/usr/bin/gmake -f Makefile cmTC_bb1c3/fast && /usr/bin/gmake  -f CMakeFiles/cmTC_bb1c3.dir/build.make CMakeFiles/cmTC_bb1c3.dir/build
gmake[1]: Entering directory '/src/libxml2-2.13.4/build/CMakeFiles/CMakeTmp'
Building C object CMakeFiles/cmTC_bb1c3.dir/HAVE_SYS_RANDOM_H.c.o
/AFLplusplus/afl-cc    -MD -MT CMakeFiles/cmTC_bb1c3.dir/HAVE_SYS_RANDOM_H.c.o -MF CMakeFiles/cmTC_bb1c3.dir/HAVE_SYS_RANDOM_H.c.o.d -o CMakeFiles/cmTC_bb1c3.dir/HAVE_SYS_RANDOM_H.c.o -c /src/libxml2-2.13.4/build/CMakeFiles/CheckIncludeFiles/HAVE_SYS_RANDOM_H.c
Linking C executable cmTC_bb1c3
/usr/bin/cmake -E cmake_link_script CMakeFiles/cmTC_bb1c3.dir/link.txt --verbose=1
/AFLplusplus/afl-cc CMakeFiles/cmTC_bb1c3.dir/HAVE_SYS_RANDOM_H.c.o -o cmTC_bb1c3 
gmake[1]: Leaving directory '/src/libxml2-2.13.4/build/CMakeFiles/CMakeTmp'



Determining if files sys/select.h exist passed with the following output:
Change Dir: /src/libxml2-2.13.4/build/CMakeFiles/CMakeTmp

Run Build Command(s):/usr/bin/gmake -f Makefile cmTC_b88bb/fast && /usr/bin/gmake  -f CMakeFiles/cmTC_b88bb.dir/build.make CMakeFiles/cmTC_b88bb.dir/build
gmake[1]: Entering directory '/src/libxml2-2.13.4/build/CMakeFiles/CMakeTmp'
Building C object CMakeFiles/cmTC_b88bb.dir/HAVE_SYS_SELECT_H.c.o
/AFLplusplus/afl-cc    -MD -MT CMakeFiles/cmTC_b88bb.dir/HAVE_SYS_SELECT_H.c.o -MF CMakeFiles/cmTC_b88bb.dir/HAVE_SYS_SELECT_H.c.o.d -o CMakeFiles/cmTC_b88bb.dir/HAVE_SYS_SELECT_H.c.o -c /src/libxml2-2.13.4/build/CMakeFiles/CheckIncludeFiles/HAVE_SYS_SELECT_H.c
Linking C executable cmTC_b88bb
/usr/bin/cmake -E cmake_link_script CMakeFiles/cmTC_b88bb.dir/link.txt --verbose=1
/AFLplusplus/afl-cc CMakeFiles/cmTC_b88bb.dir/HAVE_SYS_SELECT_H.c.o -o cmTC_b88bb 
gmake[1]: Leaving directory '/src/libxml2-2.13.4/build/CMakeFiles/CMakeTmp'



Determining if files sys/socket.h exist passed with the following output:
Change Dir: /src/libxml2-2.13.4/build/CMakeFiles/CMakeTmp

Run Build Command(s):/usr/bin/gmake -f Makefile cmTC_3e08a/fast && /usr/bin/gmake  -f CMakeFiles/cmTC_3e08a.dir/build.make CMakeFiles/cmTC_3e08a.dir/build
gmake[1]: Entering directory '/src/libxml2-2.13.4/build/CMakeFiles/CMakeTmp'
Building C object CMakeFiles/cmTC_3e08a.dir/HAVE_SYS_SOCKET_H.c.o
/AFLplusplus/afl-cc    -MD -MT CMakeFiles/cmTC_3e08a.dir/HAVE_SYS_SOCKET_H.c.o -MF CMakeFiles/cmTC_3e08a.dir/HAVE_SYS_SOCKET_H.c.o.d -o CMakeFiles/cmTC_3e08a.dir/HAVE_SYS_SOCKET_H.c.o -c /src/libxml2-2.13.4/build/CMakeFiles/CheckIncludeFiles/HAVE_SYS_SOCKET_H.c
Linking C executable cmTC_3e08a
/usr/bin/cmake -E cmake_link_script CMakeFiles/cmTC_3e08a.dir/link.txt --verbose=1
/AFLplusplus/afl-cc CMakeFiles/cmTC_3e08a.dir/HAVE_SYS_SOCKET_H.c.o -o cmTC_3e08a 
gmake[1]: Leaving directory '/src/libxml2-2.13.4/build/CMakeFiles/CMakeTmp'



Determining if files sys/stat.h exist passed with the following output:
Change Dir: /src/libxml2-2.13.4/build/CMakeFiles/CMakeTmp

Run Build Command(s):/usr/bin/gmake -f Makefile cmTC_80bb9/fast && /usr/bin/gmake  -f CMakeFiles/cmTC_80bb9.dir/build.make CMakeFiles/cmTC_80bb9.dir/build
gmake[1]: Entering directory '/src/libxml2-2.13.4/build/CMakeFiles/CMakeTmp'
Building C object CMakeFiles/cmTC_80bb9.dir/HAVE_SYS_STAT_H.c.o
/AFLplusplus/afl-cc    -MD -MT CMakeFiles/cmTC_80bb9.dir/HAVE_SYS_STAT_H.c.o -MF CMakeFiles/cmTC_80bb9.dir/HAVE_SYS_STAT_H.c.o.d -o CMakeFiles/cmTC_80bb9.dir/HAVE_SYS_STAT_H.c.o -c /src/libxml2-2.13.4/build/CMakeFiles/CheckIncludeFiles/HAVE_SYS_STAT_H.c
Linking C executable cmTC_80bb9
/usr/bin/cmake -E cmake_link_script CMakeFiles/cmTC_80bb9.dir/link.txt --verbose=1
/AFLplusplus/afl-cc CMakeFiles/cmTC_80bb9.dir/HAVE_SYS_STAT_H.c.o -o cmTC_80bb9 
gmake[1]: Leaving directory '/src/libxml2-2.13.4/build/CMakeFiles/CMakeTmp'



Determining if files sys/timeb.h exist passed with the following output:
Change Dir: /src/libxml2-2.13.4/build/CMakeFiles/CMakeTmp

Run Build Command(s):/usr/bin/gmake -f Makefile cmTC_cc7d1/fast && /usr/bin/gmake  -f CMakeFiles/cmTC_cc7d1.dir/build.make CMakeFiles/cmTC_cc7d1.dir/build
gmake[1]: Entering directory '/src/libxml2-2.13.4/build/CMakeFiles/CMakeTmp'
Building C object CMakeFiles/cmTC_cc7d1.dir/HAVE_SYS_TIMEB_H.c.o
/AFLplusplus/afl-cc    -MD -MT CMakeFiles/cmTC_cc7d1.dir/HAVE_SYS_TIMEB_H.c.o -MF CMakeFiles/cmTC_cc7d1.dir/HAVE_SYS_TIMEB_H.c.o.d -o CMakeFiles/cmTC_cc7d1.dir/HAVE_SYS_TIMEB_H.c.o -c /src/libxml2-2.13.4/build/CMakeFiles/CheckIncludeFiles/HAVE_SYS_TIMEB_H.c
Linking C executable cmTC_cc7d1
/usr/bin/cmake -E cmake_link_script CMakeFiles/cmTC_cc7d1.dir/link.txt --verbose=1
/AFLplusplus/afl-cc CMakeFiles/cmTC_cc7d1.dir/HAVE_SYS_TIMEB_H.c.o -o cmTC_cc7d1 
gmake[1]: Leaving directory '/src/libxml2-2.13.4/build/CMakeFiles/CMakeTmp'



Determining if files sys/time.h exist passed with the following output:
Change Dir: /src/libxml2-2.13.4/build/CMakeFiles/CMakeTmp

Run Build Command(s):/usr/bin/gmake -f Makefile cmTC_f90d4/fast && /usr/bin/gmake  -f CMakeFiles/cmTC_f90d4.dir/build.make CMakeFiles/cmTC_f90d4.dir/build
gmake[1]: Entering directory '/src/libxml2-2.13.4/build/CMakeFiles/CMakeTmp'
Building C object CMakeFiles/cmTC_f90d4.dir/HAVE_SYS_TIME_H.c.o
/AFLplusplus/afl-cc    -MD -MT CMakeFiles/cmTC_f90d4.dir/HAVE_SYS_TIME_H.c.o -MF CMakeFiles/cmTC_f90d4.dir/HAVE_SYS_TIME_H.c.o.d -o CMakeFiles/cmTC_f90d4.dir/HAVE_SYS_TIME_H.c.o -c /src/libxml2-2.13.4/build/CMakeFiles/CheckIncludeFiles/HAVE_SYS_TIME_H.c
Linking C executable cmTC_f90d4
/usr/bin/cmake -E cmake_link_script CMakeFiles/cmTC_f90d4.dir/link.txt --verbose=1
/AFLplusplus/afl-cc CMakeFiles/cmTC_f90d4.dir/HAVE_SYS_TIME_H.c.o -o cmTC_f90d4 
gmake[1]: Leaving directory '/src/libxml2-2.13.4/build/CMakeFiles/CMakeTmp'



Performing C SOURCE FILE Test XML_SOCKLEN_T_SOCKLEN_T succeeded with the following output:
Change Dir: /src/libxml2-2.13.4/build/CMakeFiles/CMakeTmp

Run Build Command(s):/usr/bin/gmake -f Makefile cmTC_bb068/fast && /usr/bin/gmake  -f CMakeFiles/cmTC_bb068.dir/build.make CMakeFiles/cmTC_bb068.dir/build
gmake[1]: Entering directory '/src/libxml2-2.13.4/build/CMakeFiles/CMakeTmp'
Building C object CMakeFiles/cmTC_bb068.dir/src.c.o
/AFLplusplus/afl-cc -DXML_SOCKLEN_T_SOCKLEN_T   -MD -MT CMakeFiles/cmTC_bb068.dir/src.c.o -MF CMakeFiles/cmTC_bb068.dir/src.c.o.d -o CMakeFiles/cmTC_bb068.dir/src.c.o -c /src/libxml2-2.13.4/build/CMakeFiles/CMakeTmp/src.c
Linking C executable cmTC_bb068
/usr/bin/cmake -E cmake_link_script CMakeFiles/cmTC_bb068.dir/link.txt --verbose=1
/AFLplusplus/afl-cc CMakeFiles/cmTC_bb068.dir/src.c.o -o cmTC_bb068 
gmake[1]: Leaving directory '/src/libxml2-2.13.4/build/CMakeFiles/CMakeTmp'


Source file was:

        #include <stddef.h>
        #include <sys/socket.h>
        int main() { (void) getsockopt(1, 1, 1, NULL, (socklen_t*) NULL); return 0; }
    
Determining if files pthread.h exist passed with the following output:
Change Dir: /src/libxml2-2.13.4/build/CMakeFiles/CMakeTmp

Run Build Command(s):/usr/bin/gmake -f Makefile cmTC_64ace/fast && /usr/bin/gmake  -f CMakeFiles/cmTC_64ace.dir/build.make CMakeFiles/cmTC_64ace.dir/build
gmake[1]: Entering directory '/src/libxml2-2.13.4/build/CMakeFiles/CMakeTmp'
Building C object CMakeFiles/cmTC_64ace.dir/HAVE_PTHREAD_H.c.o
/AFLplusplus/afl-cc    -MD -MT CMakeFiles/cmTC_64ace.dir/HAVE_PTHREAD_H.c.o -MF CMakeFiles/cmTC_64ace.dir/HAVE_PTHREAD_H.c.o.d -o CMakeFiles/cmTC_64ace.dir/HAVE_PTHREAD_H.c.o -c /src/libxml2-2.13.4/build/CMakeFiles/CheckIncludeFiles/HAVE_PTHREAD_H.c
Linking C executable cmTC_64ace
/usr/bin/cmake -E cmake_link_script CMakeFiles/cmTC_64ace.dir/link.txt --verbose=1
/AFLplusplus/afl-cc CMakeFiles/cmTC_64ace.dir/HAVE_PTHREAD_H.c.o -o cmTC_64ace 
gmake[1]: Leaving directory '/src/libxml2-2.13.4/build/CMakeFiles/CMakeTmp'



