The system is: Linux - 5.15.167.4-microsoft-standard-WSL2 - x86_64
Compiling the C compiler identification source file "CMakeCCompilerId.c" succeeded.
Compiler: /AFLplusplus/afl-cc 
Build flags: 
Id flags:  

The output was:
0


Compilation of the C compiler identification source "CMakeCCompilerId.c" produced "a.out"

The C compiler identification is Clang, found in "/src/libjpeg-turbo-3.0.4/build/CMakeFiles/3.22.1/CompilerIdC/a.out"

Detecting C compiler ABI info compiled with the following output:
Change Dir: /src/libjpeg-turbo-3.0.4/build/CMakeFiles/CMakeTmp

Run Build Command(s):/usr/bin/gmake -f Makefile cmTC_d8248/fast && /usr/bin/gmake  -f CMakeFiles/cmTC_d8248.dir/build.make CMakeFiles/cmTC_d8248.dir/build
gmake[1]: Entering directory '/src/libjpeg-turbo-3.0.4/build/CMakeFiles/CMakeTmp'
Building C object CMakeFiles/cmTC_d8248.dir/CMakeCCompilerABI.c.o
/AFLplusplus/afl-cc   -v -MD -MT CMakeFiles/cmTC_d8248.dir/CMakeCCompilerABI.c.o -MF CMakeFiles/cmTC_d8248.dir/CMakeCCompilerABI.c.o.d -o CMakeFiles/cmTC_d8248.dir/CMakeCCompilerABI.c.o -c /usr/share/cmake-3.22/Modules/CMakeCCompilerABI.c
Ubuntu clang version 16.0.6 (++20231112100510+7cbf1a259152-1~exp1~20231112100554.106)
Target: x86_64-pc-linux-gnu
Thread model: posix
InstalledDir: /usr/lib/llvm-16/bin
Found candidate GCC installation: /usr/lib/gcc/x86_64-linux-gnu/11
Selected GCC installation: /usr/lib/gcc/x86_64-linux-gnu/11
Candidate multilib: .;@m64
Candidate multilib: 32;@m32
Candidate multilib: x32;@mx32
Selected multilib: .;@m64
 (in-process)
 "/usr/lib/llvm-16/bin/clang" -cc1 -triple x86_64-pc-linux-gnu -emit-obj -disable-free -clear-ast-before-backend -disable-llvm-verifier -discard-value-names -main-file-name CMakeCCompilerABI.c -mrelocation-model pic -pic-level 2 -fhalf-no-semantic-interposition -mframe-pointer=none -fmath-errno -ffp-contract=on -fno-rounding-math -mconstructor-aliases -funwind-tables=2 -target-cpu x86-64 -tune-cpu generic -mllvm -treat-scalable-fixed-error-as-warning -debug-info-kind=constructor -dwarf-version=5 -debugger-tuning=gdb -v -fcoverage-compilation-dir=/src/libjpeg-turbo-3.0.4/build/CMakeFiles/CMakeTmp -resource-dir /usr/lib/llvm-16/lib/clang/16 -dependency-file CMakeFiles/cmTC_d8248.dir/CMakeCCompilerABI.c.o.d -MT CMakeFiles/cmTC_d8248.dir/CMakeCCompilerABI.c.o -sys-header-deps -D __AFL_COMPILER=1 -D FUZZING_BUILD_MODE_UNSAFE_FOR_PRODUCTION=1 -D "__AFL_COVERAGE()=int __afl_selective_coverage = 1;void __afl_coverage_discard();void __afl_coverage_skip();void __afl_coverage_on();void __afl_coverage_off();" -D "__AFL_COVERAGE_START_OFF()=int __afl_selective_coverage_start_off = 1;" -D __AFL_COVERAGE_ON()=__afl_coverage_on() -D __AFL_COVERAGE_OFF()=__afl_coverage_off() -D __AFL_COVERAGE_DISCARD()=__afl_coverage_discard() -D __AFL_COVERAGE_SKIP()=__afl_coverage_skip() -D __AFL_HAVE_MANUAL_CONTROL=1 -D "__AFL_FUZZ_INIT()=int __afl_sharedmem_fuzzing = 1;extern __attribute__((visibility(\"default\"))) unsigned int *__afl_fuzz_len;extern __attribute__((visibility(\"default\"))) unsigned char *__afl_fuzz_ptr;unsigned char __afl_fuzz_alt[1048576];unsigned char *__afl_fuzz_alt_ptr = __afl_fuzz_alt;" -D "__AFL_FUZZ_TESTCASE_BUF=(__afl_fuzz_ptr ? __afl_fuzz_ptr : __afl_fuzz_alt_ptr)" -D "__AFL_FUZZ_TESTCASE_LEN=(__afl_fuzz_ptr ? *__afl_fuzz_len : (*__afl_fuzz_len = read(0, __afl_fuzz_alt_ptr, 1048576)) == 0xffffffff ? 0 : *__afl_fuzz_len)" -D "__AFL_LOOP(_A)=({ static volatile const char *_B __attribute__((used,unused));  _B = (const char*)\"##SIG_AFL_PERSISTENT##\"; extern __attribute__((visibility(\"default\"))) int __afl_connected;__attribute__((visibility(\"default\"))) int _L(unsigned int) __asm__(\"__afl_persistent_loop\"); _L(__afl_connected ? _A : 1); })" -D "__AFL_INIT()=do { static volatile const char *_A __attribute__((used,unused));  _A = (const char*)\"##SIG_AFL_DEFER_FORKSRV##\"; __attribute__((visibility(\"default\"))) void _I(void) __asm__(\"__afl_manual_init\"); _I(); } while (0)" -internal-isystem /usr/lib/llvm-16/lib/clang/16/include -internal-isystem /usr/local/include -internal-isystem /usr/lib/gcc/x86_64-linux-gnu/11/../../../../x86_64-linux-gnu/include -internal-externc-isystem /usr/include/x86_64-linux-gnu -internal-externc-isystem /include -internal-externc-isystem /usr/include -O3 -Wno-unused-command-line-argument -fdebug-compilation-dir=/src/libjpeg-turbo-3.0.4/build/CMakeFiles/CMakeTmp -ferror-limit 19 -funroll-loops -fgnuc-version=4.2.1 -vectorize-loops -vectorize-slp -fpass-plugin=/AFLplusplus/SanitizerCoveragePCGUARD.so -faddrsig -D__GCC_HAVE_DWARF2_CFI_ASM=1 -o CMakeFiles/cmTC_d8248.dir/CMakeCCompilerABI.c.o -x c /usr/share/cmake-3.22/Modules/CMakeCCompilerABI.c
clang -cc1 version 16.0.6 based upon LLVM 16.0.6 default target x86_64-pc-linux-gnu
ignoring nonexistent directory "/usr/lib/gcc/x86_64-linux-gnu/11/../../../../x86_64-linux-gnu/include"
ignoring nonexistent directory "/include"
#include "..." search starts here:
#include <...> search starts here:
 /usr/lib/llvm-16/lib/clang/16/include
 /usr/local/include
 /usr/include/x86_64-linux-gnu
 /usr/include
End of search list.
Linking C executable cmTC_d8248
/usr/bin/cmake -E cmake_link_script CMakeFiles/cmTC_d8248.dir/link.txt --verbose=1
/AFLplusplus/afl-cc  -v CMakeFiles/cmTC_d8248.dir/CMakeCCompilerABI.c.o -o cmTC_d8248 
Ubuntu clang version 16.0.6 (++20231112100510+7cbf1a259152-1~exp1~20231112100554.106)
Target: x86_64-pc-linux-gnu
Thread model: posix
InstalledDir: /usr/lib/llvm-16/bin
Found candidate GCC installation: /usr/lib/gcc/x86_64-linux-gnu/11
Selected GCC installation: /usr/lib/gcc/x86_64-linux-gnu/11
Candidate multilib: .;@m64
Candidate multilib: 32;@m32
Candidate multilib: x32;@mx32
Selected multilib: .;@m64
 "/usr/bin/ld" -pie -z relro --hash-style=gnu --build-id --eh-frame-hdr -m elf_x86_64 -dynamic-linker /lib64/ld-linux-x86-64.so.2 -o cmTC_d8248 /lib/x86_64-linux-gnu/Scrt1.o /lib/x86_64-linux-gnu/crti.o /usr/lib/gcc/x86_64-linux-gnu/11/crtbeginS.o -L/usr/lib/gcc/x86_64-linux-gnu/11 -L/usr/lib/gcc/x86_64-linux-gnu/11/../../../../lib64 -L/lib/x86_64-linux-gnu -L/lib/../lib64 -L/usr/lib/x86_64-linux-gnu -L/usr/lib/../lib64 -L/usr/lib/llvm-16/bin/../lib -L/lib -L/usr/lib CMakeFiles/cmTC_d8248.dir/CMakeCCompilerABI.c.o /AFLplusplus/afl-compiler-rt.o --dynamic-list=/AFLplusplus/dynamic_list.txt -lgcc --as-needed -lgcc_s --no-as-needed -lc -lgcc --as-needed -lgcc_s --no-as-needed /usr/lib/gcc/x86_64-linux-gnu/11/crtendS.o /lib/x86_64-linux-gnu/crtn.o
gmake[1]: Leaving directory '/src/libjpeg-turbo-3.0.4/build/CMakeFiles/CMakeTmp'



Parsed C implicit include dir info from above output: rv=done
  found start of include info
  found start of implicit include info
    add: [/usr/lib/llvm-16/lib/clang/16/include]
    add: [/usr/local/include]
    add: [/usr/include/x86_64-linux-gnu]
    add: [/usr/include]
  end of search list found
  collapse include dir [/usr/lib/llvm-16/lib/clang/16/include] ==> [/usr/lib/llvm-16/lib/clang/16/include]
  collapse include dir [/usr/local/include] ==> [/usr/local/include]
  collapse include dir [/usr/include/x86_64-linux-gnu] ==> [/usr/include/x86_64-linux-gnu]
  collapse include dir [/usr/include] ==> [/usr/include]
  implicit include dirs: [/usr/lib/llvm-16/lib/clang/16/include;/usr/local/include;/usr/include/x86_64-linux-gnu;/usr/include]


Parsed C implicit link information from above output:
  link line regex: [^( *|.*[/\])(ld|CMAKE_LINK_STARTFILE-NOTFOUND|([^/\]+-)?ld|collect2)[^/\]*( |$)]
  ignore line: [Change Dir: /src/libjpeg-turbo-3.0.4/build/CMakeFiles/CMakeTmp]
  ignore line: []
  ignore line: [Run Build Command(s):/usr/bin/gmake -f Makefile cmTC_d8248/fast && /usr/bin/gmake  -f CMakeFiles/cmTC_d8248.dir/build.make CMakeFiles/cmTC_d8248.dir/build]
  ignore line: [gmake[1]: Entering directory '/src/libjpeg-turbo-3.0.4/build/CMakeFiles/CMakeTmp']
  ignore line: [Building C object CMakeFiles/cmTC_d8248.dir/CMakeCCompilerABI.c.o]
  ignore line: [/AFLplusplus/afl-cc   -v -MD -MT CMakeFiles/cmTC_d8248.dir/CMakeCCompilerABI.c.o -MF CMakeFiles/cmTC_d8248.dir/CMakeCCompilerABI.c.o.d -o CMakeFiles/cmTC_d8248.dir/CMakeCCompilerABI.c.o -c /usr/share/cmake-3.22/Modules/CMakeCCompilerABI.c]
  ignore line: [Ubuntu clang version 16.0.6 (++20231112100510+7cbf1a259152-1~exp1~20231112100554.106)]
  ignore line: [Target: x86_64-pc-linux-gnu]
  ignore line: [Thread model: posix]
  ignore line: [InstalledDir: /usr/lib/llvm-16/bin]
  ignore line: [Found candidate GCC installation: /usr/lib/gcc/x86_64-linux-gnu/11]
  ignore line: [Selected GCC installation: /usr/lib/gcc/x86_64-linux-gnu/11]
  ignore line: [Candidate multilib: .]
  ignore line: [@m64]
  ignore line: [Candidate multilib: 32]
  ignore line: [@m32]
  ignore line: [Candidate multilib: x32]
  ignore line: [@mx32]
  ignore line: [Selected multilib: .]
  ignore line: [@m64]
  ignore line: [ (in-process)]
  ignore line: [ "/usr/lib/llvm-16/bin/clang" -cc1 -triple x86_64-pc-linux-gnu -emit-obj -disable-free -clear-ast-before-backend -disable-llvm-verifier -discard-value-names -main-file-name CMakeCCompilerABI.c -mrelocation-model pic -pic-level 2 -fhalf-no-semantic-interposition -mframe-pointer=none -fmath-errno -ffp-contract=on -fno-rounding-math -mconstructor-aliases -funwind-tables=2 -target-cpu x86-64 -tune-cpu generic -mllvm -treat-scalable-fixed-error-as-warning -debug-info-kind=constructor -dwarf-version=5 -debugger-tuning=gdb -v -fcoverage-compilation-dir=/src/libjpeg-turbo-3.0.4/build/CMakeFiles/CMakeTmp -resource-dir /usr/lib/llvm-16/lib/clang/16 -dependency-file CMakeFiles/cmTC_d8248.dir/CMakeCCompilerABI.c.o.d -MT CMakeFiles/cmTC_d8248.dir/CMakeCCompilerABI.c.o -sys-header-deps -D __AFL_COMPILER=1 -D FUZZING_BUILD_MODE_UNSAFE_FOR_PRODUCTION=1 -D "__AFL_COVERAGE()=int __afl_selective_coverage = 1]
  ignore line: [void __afl_coverage_discard()]
  ignore line: [void __afl_coverage_skip()]
  ignore line: [void __afl_coverage_on()]
  ignore line: [void __afl_coverage_off()]
  ignore line: [" -D "__AFL_COVERAGE_START_OFF()=int __afl_selective_coverage_start_off = 1]
  ignore line: [" -D __AFL_COVERAGE_ON()=__afl_coverage_on() -D __AFL_COVERAGE_OFF()=__afl_coverage_off() -D __AFL_COVERAGE_DISCARD()=__afl_coverage_discard() -D __AFL_COVERAGE_SKIP()=__afl_coverage_skip() -D __AFL_HAVE_MANUAL_CONTROL=1 -D "__AFL_FUZZ_INIT()=int __afl_sharedmem_fuzzing = 1]
  ignore line: [extern __attribute__((visibility(\"default\"))) unsigned int *__afl_fuzz_len]
  ignore line: [extern __attribute__((visibility(\"default\"))) unsigned char *__afl_fuzz_ptr]
  ignore line: [unsigned char __afl_fuzz_alt[1048576]]
  ignore line: [unsigned char *__afl_fuzz_alt_ptr = __afl_fuzz_alt]
  ignore line: [" -D "__AFL_FUZZ_TESTCASE_BUF=(__afl_fuzz_ptr ? __afl_fuzz_ptr : __afl_fuzz_alt_ptr)" -D "__AFL_FUZZ_TESTCASE_LEN=(__afl_fuzz_ptr ? *__afl_fuzz_len : (*__afl_fuzz_len = read(0  __afl_fuzz_alt_ptr  1048576)) == 0xffffffff ? 0 : *__afl_fuzz_len)" -D "__AFL_LOOP(_A)=({ static volatile const char *_B __attribute__((used unused))]
  ignore line: [  _B = (const char*)\"##SIG_AFL_PERSISTENT##\"]
  ignore line: [ extern __attribute__((visibility(\"default\"))) int __afl_connected]
  ignore line: [__attribute__((visibility(\"default\"))) int _L(unsigned int) __asm__(\"__afl_persistent_loop\")]
  ignore line: [ _L(__afl_connected ? _A : 1)]
  ignore line: [ })" -D "__AFL_INIT()=do { static volatile const char *_A __attribute__((used unused))]
  ignore line: [  _A = (const char*)\"##SIG_AFL_DEFER_FORKSRV##\"]
  ignore line: [ __attribute__((visibility(\"default\"))) void _I(void) __asm__(\"__afl_manual_init\")]
  ignore line: [ _I()]
  ignore line: [ } while (0)" -internal-isystem /usr/lib/llvm-16/lib/clang/16/include -internal-isystem /usr/local/include -internal-isystem /usr/lib/gcc/x86_64-linux-gnu/11/../../../../x86_64-linux-gnu/include -internal-externc-isystem /usr/include/x86_64-linux-gnu -internal-externc-isystem /include -internal-externc-isystem /usr/include -O3 -Wno-unused-command-line-argument -fdebug-compilation-dir=/src/libjpeg-turbo-3.0.4/build/CMakeFiles/CMakeTmp -ferror-limit 19 -funroll-loops -fgnuc-version=4.2.1 -vectorize-loops -vectorize-slp -fpass-plugin=/AFLplusplus/SanitizerCoveragePCGUARD.so -faddrsig -D__GCC_HAVE_DWARF2_CFI_ASM=1 -o CMakeFiles/cmTC_d8248.dir/CMakeCCompilerABI.c.o -x c /usr/share/cmake-3.22/Modules/CMakeCCompilerABI.c]
  ignore line: [clang -cc1 version 16.0.6 based upon LLVM 16.0.6 default target x86_64-pc-linux-gnu]
  ignore line: [ignoring nonexistent directory "/usr/lib/gcc/x86_64-linux-gnu/11/../../../../x86_64-linux-gnu/include"]
  ignore line: [ignoring nonexistent directory "/include"]
  ignore line: [#include "..." search starts here:]
  ignore line: [#include <...> search starts here:]
  ignore line: [ /usr/lib/llvm-16/lib/clang/16/include]
  ignore line: [ /usr/local/include]
  ignore line: [ /usr/include/x86_64-linux-gnu]
  ignore line: [ /usr/include]
  ignore line: [End of search list.]
  ignore line: [Linking C executable cmTC_d8248]
  ignore line: [/usr/bin/cmake -E cmake_link_script CMakeFiles/cmTC_d8248.dir/link.txt --verbose=1]
  ignore line: [/AFLplusplus/afl-cc  -v CMakeFiles/cmTC_d8248.dir/CMakeCCompilerABI.c.o -o cmTC_d8248 ]
  ignore line: [Ubuntu clang version 16.0.6 (++20231112100510+7cbf1a259152-1~exp1~20231112100554.106)]
  ignore line: [Target: x86_64-pc-linux-gnu]
  ignore line: [Thread model: posix]
  ignore line: [InstalledDir: /usr/lib/llvm-16/bin]
  ignore line: [Found candidate GCC installation: /usr/lib/gcc/x86_64-linux-gnu/11]
  ignore line: [Selected GCC installation: /usr/lib/gcc/x86_64-linux-gnu/11]
  ignore line: [Candidate multilib: .]
  ignore line: [@m64]
  ignore line: [Candidate multilib: 32]
  ignore line: [@m32]
  ignore line: [Candidate multilib: x32]
  ignore line: [@mx32]
  ignore line: [Selected multilib: .]
  ignore line: [@m64]
  link line: [ "/usr/bin/ld" -pie -z relro --hash-style=gnu --build-id --eh-frame-hdr -m elf_x86_64 -dynamic-linker /lib64/ld-linux-x86-64.so.2 -o cmTC_d8248 /lib/x86_64-linux-gnu/Scrt1.o /lib/x86_64-linux-gnu/crti.o /usr/lib/gcc/x86_64-linux-gnu/11/crtbeginS.o -L/usr/lib/gcc/x86_64-linux-gnu/11 -L/usr/lib/gcc/x86_64-linux-gnu/11/../../../../lib64 -L/lib/x86_64-linux-gnu -L/lib/../lib64 -L/usr/lib/x86_64-linux-gnu -L/usr/lib/../lib64 -L/usr/lib/llvm-16/bin/../lib -L/lib -L/usr/lib CMakeFiles/cmTC_d8248.dir/CMakeCCompilerABI.c.o /AFLplusplus/afl-compiler-rt.o --dynamic-list=/AFLplusplus/dynamic_list.txt -lgcc --as-needed -lgcc_s --no-as-needed -lc -lgcc --as-needed -lgcc_s --no-as-needed /usr/lib/gcc/x86_64-linux-gnu/11/crtendS.o /lib/x86_64-linux-gnu/crtn.o]
    arg [/usr/bin/ld] ==> ignore
    arg [-pie] ==> ignore
    arg [-zrelro] ==> ignore
    arg [--hash-style=gnu] ==> ignore
    arg [--build-id] ==> ignore
    arg [--eh-frame-hdr] ==> ignore
    arg [-m] ==> ignore
    arg [elf_x86_64] ==> ignore
    arg [-dynamic-linker] ==> ignore
    arg [/lib64/ld-linux-x86-64.so.2] ==> ignore
    arg [-o] ==> ignore
    arg [cmTC_d8248] ==> ignore
    arg [/lib/x86_64-linux-gnu/Scrt1.o] ==> obj [/lib/x86_64-linux-gnu/Scrt1.o]
    arg [/lib/x86_64-linux-gnu/crti.o] ==> obj [/lib/x86_64-linux-gnu/crti.o]
    arg [/usr/lib/gcc/x86_64-linux-gnu/11/crtbeginS.o] ==> obj [/usr/lib/gcc/x86_64-linux-gnu/11/crtbeginS.o]
    arg [-L/usr/lib/gcc/x86_64-linux-gnu/11] ==> dir [/usr/lib/gcc/x86_64-linux-gnu/11]
    arg [-L/usr/lib/gcc/x86_64-linux-gnu/11/../../../../lib64] ==> dir [/usr/lib/gcc/x86_64-linux-gnu/11/../../../../lib64]
    arg [-L/lib/x86_64-linux-gnu] ==> dir [/lib/x86_64-linux-gnu]
    arg [-L/lib/../lib64] ==> dir [/lib/../lib64]
    arg [-L/usr/lib/x86_64-linux-gnu] ==> dir [/usr/lib/x86_64-linux-gnu]
    arg [-L/usr/lib/../lib64] ==> dir [/usr/lib/../lib64]
    arg [-L/usr/lib/llvm-16/bin/../lib] ==> dir [/usr/lib/llvm-16/bin/../lib]
    arg [-L/lib] ==> dir [/lib]
    arg [-L/usr/lib] ==> dir [/usr/lib]
    arg [CMakeFiles/cmTC_d8248.dir/CMakeCCompilerABI.c.o] ==> ignore
    arg [/AFLplusplus/afl-compiler-rt.o] ==> obj [/AFLplusplus/afl-compiler-rt.o]
    arg [--dynamic-list=/AFLplusplus/dynamic_list.txt] ==> ignore
    arg [-lgcc] ==> lib [gcc]
    arg [--as-needed] ==> ignore
    arg [-lgcc_s] ==> lib [gcc_s]
    arg [--no-as-needed] ==> ignore
    arg [-lc] ==> lib [c]
    arg [-lgcc] ==> lib [gcc]
    arg [--as-needed] ==> ignore
    arg [-lgcc_s] ==> lib [gcc_s]
    arg [--no-as-needed] ==> ignore
    arg [/usr/lib/gcc/x86_64-linux-gnu/11/crtendS.o] ==> obj [/usr/lib/gcc/x86_64-linux-gnu/11/crtendS.o]
    arg [/lib/x86_64-linux-gnu/crtn.o] ==> obj [/lib/x86_64-linux-gnu/crtn.o]
  collapse library dir [/usr/lib/gcc/x86_64-linux-gnu/11] ==> [/usr/lib/gcc/x86_64-linux-gnu/11]
  collapse library dir [/usr/lib/gcc/x86_64-linux-gnu/11/../../../../lib64] ==> [/usr/lib64]
  collapse library dir [/lib/x86_64-linux-gnu] ==> [/lib/x86_64-linux-gnu]
  collapse library dir [/lib/../lib64] ==> [/lib64]
  collapse library dir [/usr/lib/x86_64-linux-gnu] ==> [/usr/lib/x86_64-linux-gnu]
  collapse library dir [/usr/lib/../lib64] ==> [/usr/lib64]
  collapse library dir [/usr/lib/llvm-16/bin/../lib] ==> [/usr/lib/llvm-16/lib]
  collapse library dir [/lib] ==> [/lib]
  collapse library dir [/usr/lib] ==> [/usr/lib]
  implicit libs: [gcc;gcc_s;c;gcc;gcc_s]
  implicit objs: [/lib/x86_64-linux-gnu/Scrt1.o;/lib/x86_64-linux-gnu/crti.o;/usr/lib/gcc/x86_64-linux-gnu/11/crtbeginS.o;/AFLplusplus/afl-compiler-rt.o;/usr/lib/gcc/x86_64-linux-gnu/11/crtendS.o;/lib/x86_64-linux-gnu/crtn.o]
  implicit dirs: [/usr/lib/gcc/x86_64-linux-gnu/11;/usr/lib64;/lib/x86_64-linux-gnu;/lib64;/usr/lib/x86_64-linux-gnu;/usr/lib/llvm-16/lib;/lib;/usr/lib]
  implicit fwks: []


Determining if the include file sys/types.h exists passed with the following output:
Change Dir: /src/libjpeg-turbo-3.0.4/build/CMakeFiles/CMakeTmp

Run Build Command(s):/usr/bin/gmake -f Makefile cmTC_07368/fast && /usr/bin/gmake  -f CMakeFiles/cmTC_07368.dir/build.make CMakeFiles/cmTC_07368.dir/build
gmake[1]: Entering directory '/src/libjpeg-turbo-3.0.4/build/CMakeFiles/CMakeTmp'
Building C object CMakeFiles/cmTC_07368.dir/CheckIncludeFile.c.o
/AFLplusplus/afl-cc    -MD -MT CMakeFiles/cmTC_07368.dir/CheckIncludeFile.c.o -MF CMakeFiles/cmTC_07368.dir/CheckIncludeFile.c.o.d -o CMakeFiles/cmTC_07368.dir/CheckIncludeFile.c.o -c /src/libjpeg-turbo-3.0.4/build/CMakeFiles/CMakeTmp/CheckIncludeFile.c
Linking C executable cmTC_07368
/usr/bin/cmake -E cmake_link_script CMakeFiles/cmTC_07368.dir/link.txt --verbose=1
/AFLplusplus/afl-cc CMakeFiles/cmTC_07368.dir/CheckIncludeFile.c.o -o cmTC_07368 
gmake[1]: Leaving directory '/src/libjpeg-turbo-3.0.4/build/CMakeFiles/CMakeTmp'



Determining if the include file stdint.h exists passed with the following output:
Change Dir: /src/libjpeg-turbo-3.0.4/build/CMakeFiles/CMakeTmp

Run Build Command(s):/usr/bin/gmake -f Makefile cmTC_bdce0/fast && /usr/bin/gmake  -f CMakeFiles/cmTC_bdce0.dir/build.make CMakeFiles/cmTC_bdce0.dir/build
gmake[1]: Entering directory '/src/libjpeg-turbo-3.0.4/build/CMakeFiles/CMakeTmp'
Building C object CMakeFiles/cmTC_bdce0.dir/CheckIncludeFile.c.o
/AFLplusplus/afl-cc    -MD -MT CMakeFiles/cmTC_bdce0.dir/CheckIncludeFile.c.o -MF CMakeFiles/cmTC_bdce0.dir/CheckIncludeFile.c.o.d -o CMakeFiles/cmTC_bdce0.dir/CheckIncludeFile.c.o -c /src/libjpeg-turbo-3.0.4/build/CMakeFiles/CMakeTmp/CheckIncludeFile.c
Linking C executable cmTC_bdce0
/usr/bin/cmake -E cmake_link_script CMakeFiles/cmTC_bdce0.dir/link.txt --verbose=1
/AFLplusplus/afl-cc CMakeFiles/cmTC_bdce0.dir/CheckIncludeFile.c.o -o cmTC_bdce0 
gmake[1]: Leaving directory '/src/libjpeg-turbo-3.0.4/build/CMakeFiles/CMakeTmp'



Determining if the include file stddef.h exists passed with the following output:
Change Dir: /src/libjpeg-turbo-3.0.4/build/CMakeFiles/CMakeTmp

Run Build Command(s):/usr/bin/gmake -f Makefile cmTC_b32a6/fast && /usr/bin/gmake  -f CMakeFiles/cmTC_b32a6.dir/build.make CMakeFiles/cmTC_b32a6.dir/build
gmake[1]: Entering directory '/src/libjpeg-turbo-3.0.4/build/CMakeFiles/CMakeTmp'
Building C object CMakeFiles/cmTC_b32a6.dir/CheckIncludeFile.c.o
/AFLplusplus/afl-cc    -MD -MT CMakeFiles/cmTC_b32a6.dir/CheckIncludeFile.c.o -MF CMakeFiles/cmTC_b32a6.dir/CheckIncludeFile.c.o.d -o CMakeFiles/cmTC_b32a6.dir/CheckIncludeFile.c.o -c /src/libjpeg-turbo-3.0.4/build/CMakeFiles/CMakeTmp/CheckIncludeFile.c
Linking C executable cmTC_b32a6
/usr/bin/cmake -E cmake_link_script CMakeFiles/cmTC_b32a6.dir/link.txt --verbose=1
/AFLplusplus/afl-cc CMakeFiles/cmTC_b32a6.dir/CheckIncludeFile.c.o -o cmTC_b32a6 
gmake[1]: Leaving directory '/src/libjpeg-turbo-3.0.4/build/CMakeFiles/CMakeTmp'



Determining size of size_t passed with the following output:
Change Dir: /src/libjpeg-turbo-3.0.4/build/CMakeFiles/CMakeTmp

Run Build Command(s):/usr/bin/gmake -f Makefile cmTC_e3796/fast && /usr/bin/gmake  -f CMakeFiles/cmTC_e3796.dir/build.make CMakeFiles/cmTC_e3796.dir/build
gmake[1]: Entering directory '/src/libjpeg-turbo-3.0.4/build/CMakeFiles/CMakeTmp'
Building C object CMakeFiles/cmTC_e3796.dir/SIZE_T.c.o
/AFLplusplus/afl-cc    -MD -MT CMakeFiles/cmTC_e3796.dir/SIZE_T.c.o -MF CMakeFiles/cmTC_e3796.dir/SIZE_T.c.o.d -o CMakeFiles/cmTC_e3796.dir/SIZE_T.c.o -c /src/libjpeg-turbo-3.0.4/build/CMakeFiles/CheckTypeSize/SIZE_T.c
Linking C executable cmTC_e3796
/usr/bin/cmake -E cmake_link_script CMakeFiles/cmTC_e3796.dir/link.txt --verbose=1
/AFLplusplus/afl-cc CMakeFiles/cmTC_e3796.dir/SIZE_T.c.o -o cmTC_e3796 
gmake[1]: Leaving directory '/src/libjpeg-turbo-3.0.4/build/CMakeFiles/CMakeTmp'



Determining size of unsigned long passed with the following output:
Change Dir: /src/libjpeg-turbo-3.0.4/build/CMakeFiles/CMakeTmp

Run Build Command(s):/usr/bin/gmake -f Makefile cmTC_a2b16/fast && /usr/bin/gmake  -f CMakeFiles/cmTC_a2b16.dir/build.make CMakeFiles/cmTC_a2b16.dir/build
gmake[1]: Entering directory '/src/libjpeg-turbo-3.0.4/build/CMakeFiles/CMakeTmp'
Building C object CMakeFiles/cmTC_a2b16.dir/UNSIGNED_LONG.c.o
/AFLplusplus/afl-cc    -MD -MT CMakeFiles/cmTC_a2b16.dir/UNSIGNED_LONG.c.o -MF CMakeFiles/cmTC_a2b16.dir/UNSIGNED_LONG.c.o.d -o CMakeFiles/cmTC_a2b16.dir/UNSIGNED_LONG.c.o -c /src/libjpeg-turbo-3.0.4/build/CMakeFiles/CheckTypeSize/UNSIGNED_LONG.c
Linking C executable cmTC_a2b16
/usr/bin/cmake -E cmake_link_script CMakeFiles/cmTC_a2b16.dir/link.txt --verbose=1
/AFLplusplus/afl-cc CMakeFiles/cmTC_a2b16.dir/UNSIGNED_LONG.c.o -o cmTC_a2b16 
gmake[1]: Leaving directory '/src/libjpeg-turbo-3.0.4/build/CMakeFiles/CMakeTmp'



Performing C SOURCE FILE Test HAVE_BUILTIN_CTZL succeeded with the following output:
Change Dir: /src/libjpeg-turbo-3.0.4/build/CMakeFiles/CMakeTmp

Run Build Command(s):/usr/bin/gmake -f Makefile cmTC_a267b/fast && /usr/bin/gmake  -f CMakeFiles/cmTC_a267b.dir/build.make CMakeFiles/cmTC_a267b.dir/build
gmake[1]: Entering directory '/src/libjpeg-turbo-3.0.4/build/CMakeFiles/CMakeTmp'
Building C object CMakeFiles/cmTC_a267b.dir/src.c.o
/AFLplusplus/afl-cc -DHAVE_BUILTIN_CTZL   -MD -MT CMakeFiles/cmTC_a267b.dir/src.c.o -MF CMakeFiles/cmTC_a267b.dir/src.c.o.d -o CMakeFiles/cmTC_a267b.dir/src.c.o -c /src/libjpeg-turbo-3.0.4/build/CMakeFiles/CMakeTmp/src.c
Linking C executable cmTC_a267b
/usr/bin/cmake -E cmake_link_script CMakeFiles/cmTC_a267b.dir/link.txt --verbose=1
/AFLplusplus/afl-cc CMakeFiles/cmTC_a267b.dir/src.c.o -o cmTC_a267b 
gmake[1]: Leaving directory '/src/libjpeg-turbo-3.0.4/build/CMakeFiles/CMakeTmp'


Source file was:
int main(int argc, char **argv) { unsigned long a = argc;  return __builtin_ctzl(a); }
Performing C SOURCE FILE Test HIDDEN_WORKS succeeded with the following output:
Change Dir: /src/libjpeg-turbo-3.0.4/build/CMakeFiles/CMakeTmp

Run Build Command(s):/usr/bin/gmake -f Makefile cmTC_10a40/fast && /usr/bin/gmake  -f CMakeFiles/cmTC_10a40.dir/build.make CMakeFiles/cmTC_10a40.dir/build
gmake[1]: Entering directory '/src/libjpeg-turbo-3.0.4/build/CMakeFiles/CMakeTmp'
Building C object CMakeFiles/cmTC_10a40.dir/src.c.o
/AFLplusplus/afl-cc -DHIDDEN_WORKS   -MD -MT CMakeFiles/cmTC_10a40.dir/src.c.o -MF CMakeFiles/cmTC_10a40.dir/src.c.o.d -o CMakeFiles/cmTC_10a40.dir/src.c.o -c /src/libjpeg-turbo-3.0.4/build/CMakeFiles/CMakeTmp/src.c
Linking C executable cmTC_10a40
/usr/bin/cmake -E cmake_link_script CMakeFiles/cmTC_10a40.dir/link.txt --verbose=1
/AFLplusplus/afl-cc CMakeFiles/cmTC_10a40.dir/src.c.o -o cmTC_10a40 
gmake[1]: Leaving directory '/src/libjpeg-turbo-3.0.4/build/CMakeFiles/CMakeTmp'


Source file was:
extern const int table[1]; const int __attribute__((visibility("hidden"))) table[1] = { 0 }; int main(void) { return table[0]; }
Performing C SOURCE FILE Test INLINE_WORKS succeeded with the following output:
Change Dir: /src/libjpeg-turbo-3.0.4/build/CMakeFiles/CMakeTmp

Run Build Command(s):/usr/bin/gmake -f Makefile cmTC_fdda3/fast && /usr/bin/gmake  -f CMakeFiles/cmTC_fdda3.dir/build.make CMakeFiles/cmTC_fdda3.dir/build
gmake[1]: Entering directory '/src/libjpeg-turbo-3.0.4/build/CMakeFiles/CMakeTmp'
Building C object CMakeFiles/cmTC_fdda3.dir/src.c.o
/AFLplusplus/afl-cc -DINLINE_WORKS   -MD -MT CMakeFiles/cmTC_fdda3.dir/src.c.o -MF CMakeFiles/cmTC_fdda3.dir/src.c.o.d -o CMakeFiles/cmTC_fdda3.dir/src.c.o -c /src/libjpeg-turbo-3.0.4/build/CMakeFiles/CMakeTmp/src.c
Linking C executable cmTC_fdda3
/usr/bin/cmake -E cmake_link_script CMakeFiles/cmTC_fdda3.dir/link.txt --verbose=1
/AFLplusplus/afl-cc CMakeFiles/cmTC_fdda3.dir/src.c.o -o cmTC_fdda3 
gmake[1]: Leaving directory '/src/libjpeg-turbo-3.0.4/build/CMakeFiles/CMakeTmp'


Source file was:
__inline__ __attribute__((always_inline)) static int foo(void) { return 0; } int main(void) { return foo(); }
Performing C SOURCE FILE Test HAVE_THREAD_LOCAL succeeded with the following output:
Change Dir: /src/libjpeg-turbo-3.0.4/build/CMakeFiles/CMakeTmp

Run Build Command(s):/usr/bin/gmake -f Makefile cmTC_383ea/fast && /usr/bin/gmake  -f CMakeFiles/cmTC_383ea.dir/build.make CMakeFiles/cmTC_383ea.dir/build
gmake[1]: Entering directory '/src/libjpeg-turbo-3.0.4/build/CMakeFiles/CMakeTmp'
Building C object CMakeFiles/cmTC_383ea.dir/src.c.o
/AFLplusplus/afl-cc -DHAVE_THREAD_LOCAL   -MD -MT CMakeFiles/cmTC_383ea.dir/src.c.o -MF CMakeFiles/cmTC_383ea.dir/src.c.o.d -o CMakeFiles/cmTC_383ea.dir/src.c.o -c /src/libjpeg-turbo-3.0.4/build/CMakeFiles/CMakeTmp/src.c
Linking C executable cmTC_383ea
/usr/bin/cmake -E cmake_link_script CMakeFiles/cmTC_383ea.dir/link.txt --verbose=1
/AFLplusplus/afl-cc CMakeFiles/cmTC_383ea.dir/src.c.o -o cmTC_383ea 
gmake[1]: Leaving directory '/src/libjpeg-turbo-3.0.4/build/CMakeFiles/CMakeTmp'


Source file was:
static __thread int i;  int main(void) { i = 0;  return i; }
Performing C SOURCE FILE Test HAVE_VERSION_SCRIPT succeeded with the following output:
Change Dir: /src/libjpeg-turbo-3.0.4/build/CMakeFiles/CMakeTmp

Run Build Command(s):/usr/bin/gmake -f Makefile cmTC_8e31b/fast && /usr/bin/gmake  -f CMakeFiles/cmTC_8e31b.dir/build.make CMakeFiles/cmTC_8e31b.dir/build
gmake[1]: Entering directory '/src/libjpeg-turbo-3.0.4/build/CMakeFiles/CMakeTmp'
Building C object CMakeFiles/cmTC_8e31b.dir/src.c.o
/AFLplusplus/afl-cc -DHAVE_VERSION_SCRIPT  -Wl,--version-script,/src/libjpeg-turbo-3.0.4/build/conftest.map -MD -MT CMakeFiles/cmTC_8e31b.dir/src.c.o -MF CMakeFiles/cmTC_8e31b.dir/src.c.o.d -o CMakeFiles/cmTC_8e31b.dir/src.c.o -c /src/libjpeg-turbo-3.0.4/build/CMakeFiles/CMakeTmp/src.c
Linking C executable cmTC_8e31b
/usr/bin/cmake -E cmake_link_script CMakeFiles/cmTC_8e31b.dir/link.txt --verbose=1
/AFLplusplus/afl-cc  -Wl,--version-script,/src/libjpeg-turbo-3.0.4/build/conftest.map CMakeFiles/cmTC_8e31b.dir/src.c.o -o cmTC_8e31b 
gmake[1]: Leaving directory '/src/libjpeg-turbo-3.0.4/build/CMakeFiles/CMakeTmp'


Source file was:
int main(void) { return 0; }
