This file contains any messages produced by compilers while
running configure, to aid debugging if configure makes a mistake.

It was created by libpng configure 1.6.29, which was
generated by GNU Autoconf 2.69.  Invocation command line was

  $ ./configure --disable-shared

## --------- ##
## Platform. ##
## --------- ##

hostname = 8c3705464eb3
uname -m = x86_64
uname -r = 5.15.167.4-microsoft-standard-WSL2
uname -s = Linux
uname -v = #1 SMP Tue Nov 5 00:21:55 UTC 2024

/usr/bin/uname -p = x86_64
/bin/uname -X     = unknown

/bin/arch              = x86_64
/usr/bin/arch -k       = unknown
/usr/convex/getsysinfo = unknown
/usr/bin/hostinfo      = unknown
/bin/machine           = unknown
/usr/bin/oslevel       = unknown
/bin/universe          = unknown

PATH: /usr/local/sbin
PATH: /usr/local/bin
PATH: /usr/sbin
PATH: /usr/bin
PATH: /sbin
PATH: /bin
PATH: /etc/cargo/bin


## ----------- ##
## Core tests. ##
## ----------- ##

configure:2355: checking for a BSD-compatible install
configure:2423: result: /usr/bin/install -c
configure:2434: checking whether build environment is sane
configure:2489: result: yes
configure:2640: checking for a thread-safe mkdir -p
configure:2679: result: /usr/bin/mkdir -p
configure:2686: checking for gawk
configure:2716: result: no
configure:2686: checking for mawk
configure:2702: found /usr/bin/mawk
configure:2713: result: mawk
configure:2724: checking whether make sets $(MAKE)
configure:2746: result: yes
configure:2775: checking whether make supports nested variables
configure:2792: result: yes
configure:2922: checking whether to enable maintainer-specific portions of Makefiles
configure:2931: result: no
configure:3011: checking for gcc
configure:3038: result: /AFLplusplus/afl-cc
configure:3267: checking for C compiler version
configure:3276: /AFLplusplus/afl-cc --version >&5
Ubuntu clang version 16.0.6 (++20231112100510+7cbf1a259152-1~exp1~20231112100554.106)
Target: x86_64-pc-linux-gnu
Thread model: posix
InstalledDir: /usr/lib/llvm-16/bin
configure:3287: $? = 0
configure:3276: /AFLplusplus/afl-cc -v >&5
Ubuntu clang version 16.0.6 (++20231112100510+7cbf1a259152-1~exp1~20231112100554.106)
Target: x86_64-pc-linux-gnu
Thread model: posix
InstalledDir: /usr/lib/llvm-16/bin
Found candidate GCC installation: /usr/lib/gcc/x86_64-linux-gnu/11
Selected GCC installation: /usr/lib/gcc/x86_64-linux-gnu/11
Candidate multilib: .;@m64
Candidate multilib: 32;@m32
Candidate multilib: x32;@mx32
Selected multilib: .;@m64
... rest of stderr output deleted ...
configure:3287: $? = 0
configure:3276: /AFLplusplus/afl-cc -V >&5
clang: error: unsupported option '-V -fPIC'
clang: error: no input files
configure:3287: $? = 1
configure:3276: /AFLplusplus/afl-cc -qversion >&5
clang: error: unknown argument '-qversion'; did you mean '--version'?
clang: error: no input files
configure:3287: $? = 1
configure:3307: checking whether the C compiler works
configure:3329: /AFLplusplus/afl-cc    conftest.c  >&5
configure:3333: $? = 0
configure:3381: result: yes
configure:3384: checking for C compiler default output file name
configure:3386: result: a.out
configure:3392: checking for suffix of executables
configure:3399: /AFLplusplus/afl-cc -o conftest    conftest.c  >&5
configure:3403: $? = 0
configure:3425: result: 
configure:3447: checking whether we are cross compiling
configure:3455: /AFLplusplus/afl-cc -o conftest    conftest.c  >&5
configure:3459: $? = 0
configure:3466: ./conftest
configure:3470: $? = 0
configure:3485: result: no
configure:3490: checking for suffix of object files
configure:3512: /AFLplusplus/afl-cc -c   conftest.c >&5
configure:3516: $? = 0
configure:3537: result: o
configure:3541: checking whether we are using the GNU C compiler
configure:3560: /AFLplusplus/afl-cc -c   conftest.c >&5
configure:3560: $? = 0
configure:3569: result: yes
configure:3578: checking whether /AFLplusplus/afl-cc accepts -g
configure:3598: /AFLplusplus/afl-cc -c -g  conftest.c >&5
configure:3598: $? = 0
configure:3639: result: yes
configure:3656: checking for /AFLplusplus/afl-cc option to accept ISO C89
configure:3719: /AFLplusplus/afl-cc  -c -g -O2  conftest.c >&5
conftest.c:17:14: warning: a function definition without a prototype is deprecated in all versions of C and is not supported in C2x [-Wdeprecated-non-prototype]
static char *e (p, i)
             ^
1 warning generated.
configure:3719: $? = 0
configure:3732: result: none needed
configure:3757: checking whether /AFLplusplus/afl-cc understands -c and -o together
configure:3779: /AFLplusplus/afl-cc -c conftest.c -o conftest2.o
configure:3782: $? = 0
configure:3779: /AFLplusplus/afl-cc -c conftest.c -o conftest2.o
configure:3782: $? = 0
configure:3794: result: yes
configure:3822: checking for style of include used by make
configure:3850: result: GNU
configure:3876: checking dependency style of /AFLplusplus/afl-cc
configure:3987: result: gcc3
configure:4011: checking dependency style of /AFLplusplus/afl-cc
configure:4120: result: gcc3
configure:4139: checking build system type
configure:4153: result: x86_64-unknown-linux-gnu
configure:4173: checking host system type
configure:4186: result: x86_64-unknown-linux-gnu
configure:4206: checking for a sed that does not truncate output
configure:4270: result: /usr/bin/sed
configure:4288: checking for grep that handles long lines and -e
configure:4346: result: /usr/bin/grep
configure:4351: checking for egrep
configure:4413: result: /usr/bin/grep -E
configure:4418: checking for fgrep
configure:4480: result: /usr/bin/grep -F
configure:4507: checking how to print strings
configure:4534: result: printf
configure:4567: checking for ld used by /AFLplusplus/afl-cc
configure:4634: result: /usr/bin/ld
configure:4641: checking if the linker (/usr/bin/ld) is GNU ld
configure:4656: result: yes
configure:4673: checking how to run the C preprocessor
configure:4704: /AFLplusplus/afl-cc -E  conftest.c
configure:4704: $? = 0
configure:4718: /AFLplusplus/afl-cc -E  conftest.c
conftest.c:11:10: fatal error: 'ac_nonexistent.h' file not found
#include <ac_nonexistent.h>
         ^~~~~~~~~~~~~~~~~~
1 error generated.
configure:4718: $? = 1
configure: failed program was:
| /* confdefs.h */
| #define PACKAGE_NAME "libpng"
| #define PACKAGE_TARNAME "libpng"
| #define PACKAGE_VERSION "1.6.29"
| #define PACKAGE_STRING "libpng 1.6.29"
| #define PACKAGE_BUGREPORT "png-mng-implement@lists.sourceforge.net"
| #define PACKAGE_URL ""
| #define PACKAGE "libpng"
| #define VERSION "1.6.29"
| /* end confdefs.h.  */
| #include <ac_nonexistent.h>
configure:4743: result: /AFLplusplus/afl-cc -E
configure:4763: /AFLplusplus/afl-cc -E  conftest.c
configure:4763: $? = 0
configure:4777: /AFLplusplus/afl-cc -E  conftest.c
conftest.c:11:10: fatal error: 'ac_nonexistent.h' file not found
#include <ac_nonexistent.h>
         ^~~~~~~~~~~~~~~~~~
1 error generated.
configure:4777: $? = 1
configure: failed program was:
| /* confdefs.h */
| #define PACKAGE_NAME "libpng"
| #define PACKAGE_TARNAME "libpng"
| #define PACKAGE_VERSION "1.6.29"
| #define PACKAGE_STRING "libpng 1.6.29"
| #define PACKAGE_BUGREPORT "png-mng-implement@lists.sourceforge.net"
| #define PACKAGE_URL ""
| #define PACKAGE "libpng"
| #define VERSION "1.6.29"
| /* end confdefs.h.  */
| #include <ac_nonexistent.h>
configure:4809: checking for gawk
configure:4836: result: mawk
configure:4848: checking whether ln -s works
configure:4852: result: yes
configure:4859: checking whether make sets $(MAKE)
configure:4881: result: yes
configure:4933: checking for BSD- or MS-compatible name lister (nm)
configure:4987: result: /usr/bin/nm -B
configure:5117: checking the name lister (/usr/bin/nm -B) interface
configure:5124: /AFLplusplus/afl-cc -c -g -O2  conftest.c >&5
configure:5127: /usr/bin/nm -B "conftest.o"
configure:5130: output
0000000000000000 B some_variable
configure:5137: result: BSD nm
configure:5141: checking the maximum length of command line arguments
configure:5272: result: 1572864
configure:5320: checking how to convert x86_64-unknown-linux-gnu file names to x86_64-unknown-linux-gnu format
configure:5360: result: func_convert_file_noop
configure:5367: checking how to convert x86_64-unknown-linux-gnu file names to toolchain format
configure:5387: result: func_convert_file_noop
configure:5394: checking for /usr/bin/ld option to reload object files
configure:5401: result: -r
configure:5475: checking for objdump
configure:5491: found /usr/bin/objdump
configure:5502: result: objdump
configure:5531: checking how to recognize dependent libraries
configure:5731: result: pass_all
configure:5816: checking for dlltool
configure:5846: result: no
configure:5873: checking how to associate runtime and link libraries
configure:5900: result: printf %s\n
configure:5961: checking for ar
configure:5977: found /usr/bin/ar
configure:5988: result: ar
configure:6025: checking for archiver @FILE support
configure:6042: /AFLplusplus/afl-cc -c -g -O2  conftest.c >&5
configure:6042: $? = 0
configure:6045: ar cru libconftest.a @conftest.lst >&5
ar: `u' modifier ignored since `D' is the default (see `U')
configure:6048: $? = 0
configure:6053: ar cru libconftest.a @conftest.lst >&5
ar: `u' modifier ignored since `D' is the default (see `U')
ar: conftest.o: No such file or directory
configure:6056: $? = 1
configure:6068: result: @
configure:6126: checking for strip
configure:6142: found /usr/bin/strip
configure:6153: result: strip
configure:6225: checking for ranlib
configure:6241: found /usr/bin/ranlib
configure:6252: result: ranlib
configure:6354: checking command to parse /usr/bin/nm -B output from /AFLplusplus/afl-cc object
configure:6507: /AFLplusplus/afl-cc -c -g -O2  conftest.c >&5
configure:6510: $? = 0
configure:6514: /usr/bin/nm -B conftest.o \| sed -n -e 's/^.*[ ]\([ABCDGIRSTW][ABCDGIRSTW]*\)[ ][ ]*\([_A-Za-z][_A-Za-z0-9]*\)$/\1 \2 \2/p' | sed '/ __gnu_lto/d' \> conftest.nm
configure:6517: $? = 0
configure:6583: /AFLplusplus/afl-cc -o conftest -g -O2   conftest.c conftstm.o >&5
configure:6586: $? = 0
configure:6624: result: ok
configure:6671: checking for sysroot
configure:6701: result: no
configure:6708: checking for a working dd
configure:6746: result: /usr/bin/dd
configure:6750: checking how to truncate binary pipes
configure:6765: result: /usr/bin/dd bs=4096 count=1
configure:6901: /AFLplusplus/afl-cc -c -g -O2  conftest.c >&5
configure:6904: $? = 0
configure:7094: checking for mt
configure:7124: result: no
configure:7144: checking if : is a manifest tool
configure:7150: : '-?'
configure:7158: result: no
configure:7831: checking for ANSI C header files
configure:7851: /AFLplusplus/afl-cc -c -g -O2  conftest.c >&5
configure:7851: $? = 0
configure:7924: /AFLplusplus/afl-cc -o conftest -g -O2   conftest.c  >&5
configure:7924: $? = 0
configure:7924: ./conftest
configure:7924: $? = 0
configure:7935: result: yes
configure:7948: checking for sys/types.h
configure:7948: /AFLplusplus/afl-cc -c -g -O2  conftest.c >&5
configure:7948: $? = 0
configure:7948: result: yes
configure:7948: checking for sys/stat.h
configure:7948: /AFLplusplus/afl-cc -c -g -O2  conftest.c >&5
configure:7948: $? = 0
configure:7948: result: yes
configure:7948: checking for stdlib.h
configure:7948: /AFLplusplus/afl-cc -c -g -O2  conftest.c >&5
configure:7948: $? = 0
configure:7948: result: yes
configure:7948: checking for string.h
configure:7948: /AFLplusplus/afl-cc -c -g -O2  conftest.c >&5
configure:7948: $? = 0
configure:7948: result: yes
configure:7948: checking for memory.h
configure:7948: /AFLplusplus/afl-cc -c -g -O2  conftest.c >&5
configure:7948: $? = 0
configure:7948: result: yes
configure:7948: checking for strings.h
configure:7948: /AFLplusplus/afl-cc -c -g -O2  conftest.c >&5
configure:7948: $? = 0
configure:7948: result: yes
configure:7948: checking for inttypes.h
configure:7948: /AFLplusplus/afl-cc -c -g -O2  conftest.c >&5
configure:7948: $? = 0
configure:7948: result: yes
configure:7948: checking for stdint.h
configure:7948: /AFLplusplus/afl-cc -c -g -O2  conftest.c >&5
configure:7948: $? = 0
configure:7948: result: yes
configure:7948: checking for unistd.h
configure:7948: /AFLplusplus/afl-cc -c -g -O2  conftest.c >&5
configure:7948: $? = 0
configure:7948: result: yes
configure:7962: checking for dlfcn.h
configure:7962: /AFLplusplus/afl-cc -c -g -O2  conftest.c >&5
configure:7962: $? = 0
configure:7962: result: yes
configure:8516: checking for objdir
configure:8531: result: .libs
configure:8795: checking if /AFLplusplus/afl-cc supports -fno-rtti -fno-exceptions
configure:8813: /AFLplusplus/afl-cc -c -g -O2  -fno-rtti -fno-exceptions conftest.c >&5
configure:8817: $? = 0
configure:8830: result: yes
configure:9188: checking for /AFLplusplus/afl-cc option to produce PIC
configure:9195: result: -fPIC -DPIC
configure:9203: checking if /AFLplusplus/afl-cc PIC flag -fPIC -DPIC works
configure:9221: /AFLplusplus/afl-cc -c -g -O2  -fPIC -DPIC -DPIC conftest.c >&5
configure:9225: $? = 0
configure:9238: result: yes
configure:9267: checking if /AFLplusplus/afl-cc static flag -static works
configure:9295: result: yes
configure:9310: checking if /AFLplusplus/afl-cc supports -c -o file.o
configure:9331: /AFLplusplus/afl-cc -c -g -O2  -o out/conftest2.o conftest.c >&5
configure:9335: $? = 0
configure:9357: result: yes
configure:9365: checking if /AFLplusplus/afl-cc supports -c -o file.o
configure:9412: result: yes
configure:9445: checking whether the /AFLplusplus/afl-cc linker (/usr/bin/ld -m elf_x86_64) supports shared libraries
configure:10704: result: yes
configure:10944: checking dynamic linker characteristics
configure:11525: /AFLplusplus/afl-cc -o conftest -g -O2   -Wl,-rpath -Wl,/foo conftest.c  >&5
configure:11525: $? = 0
configure:11762: result: GNU/Linux ld.so
configure:11884: checking how to hardcode library paths into programs
configure:11909: result: immediate
configure:12457: checking whether stripping libraries is possible
configure:12462: result: yes
configure:12497: checking if libtool supports shared libraries
configure:12499: result: yes
configure:12502: checking whether to build shared libraries
configure:12527: result: no
configure:12530: checking whether to build static libraries
configure:12534: result: yes
configure:12575: checking that AWK works
configure:12581: result: ok
configure:12632: checking if we need to force back C standard to C89
configure:12648: /AFLplusplus/afl-cc -c -g -O2  conftest.c >&5
configure:12648: $? = 0
configure:12649: result: no
configure:12664: checking for ANSI C header files
configure:12768: result: yes
configure:12778: checking for an ANSI C-conforming const
configure:12844: /AFLplusplus/afl-cc -c -g -O2  conftest.c >&5
configure:12844: $? = 0
configure:12851: result: yes
configure:12859: checking for size_t
configure:12859: /AFLplusplus/afl-cc -c -g -O2  conftest.c >&5
configure:12859: $? = 0
configure:12859: /AFLplusplus/afl-cc -c -g -O2  conftest.c >&5
conftest.c:60:21: error: expected expression
if (sizeof ((size_t)))
                    ^
1 error generated.
configure:12859: $? = 1
configure: failed program was:
| /* confdefs.h */
| #define PACKAGE_NAME "libpng"
| #define PACKAGE_TARNAME "libpng"
| #define PACKAGE_VERSION "1.6.29"
| #define PACKAGE_STRING "libpng 1.6.29"
| #define PACKAGE_BUGREPORT "png-mng-implement@lists.sourceforge.net"
| #define PACKAGE_URL ""
| #define PACKAGE "libpng"
| #define VERSION "1.6.29"
| #define STDC_HEADERS 1
| #define HAVE_SYS_TYPES_H 1
| #define HAVE_SYS_STAT_H 1
| #define HAVE_STDLIB_H 1
| #define HAVE_STRING_H 1
| #define HAVE_MEMORY_H 1
| #define HAVE_STRINGS_H 1
| #define HAVE_INTTYPES_H 1
| #define HAVE_STDINT_H 1
| #define HAVE_UNISTD_H 1
| #define HAVE_DLFCN_H 1
| #define LT_OBJDIR ".libs/"
| #define STDC_HEADERS 1
| /* end confdefs.h.  */
| #include <stdio.h>
| #ifdef HAVE_SYS_TYPES_H
| # include <sys/types.h>
| #endif
| #ifdef HAVE_SYS_STAT_H
| # include <sys/stat.h>
| #endif
| #ifdef STDC_HEADERS
| # include <stdlib.h>
| # include <stddef.h>
| #else
| # ifdef HAVE_STDLIB_H
| #  include <stdlib.h>
| # endif
| #endif
| #ifdef HAVE_STRING_H
| # if !defined STDC_HEADERS && defined HAVE_MEMORY_H
| #  include <memory.h>
| # endif
| # include <string.h>
| #endif
| #ifdef HAVE_STRINGS_H
| # include <strings.h>
| #endif
| #ifdef HAVE_INTTYPES_H
| # include <inttypes.h>
| #endif
| #ifdef HAVE_STDINT_H
| # include <stdint.h>
| #endif
| #ifdef HAVE_UNISTD_H
| # include <unistd.h>
| #endif
| int
| main ()
| {
| if (sizeof ((size_t)))
| 	    return 0;
|   ;
|   return 0;
| }
configure:12859: result: yes
configure:12870: checking whether struct tm is in sys/time.h or time.h
configure:12890: /AFLplusplus/afl-cc -c -g -O2  conftest.c >&5
configure:12890: $? = 0
configure:12897: result: time.h
configure:12905: checking for C/C++ restrict keyword
configure:12930: /AFLplusplus/afl-cc -c -g -O2  conftest.c >&5
configure:12930: $? = 0
configure:12938: result: __restrict
configure:12953: checking for working strtod
configure:12994: /AFLplusplus/afl-cc -o conftest -g -O2   conftest.c  >&5
conftest.c:60:8: warning: a function declaration without a prototype is deprecated in all versions of C and is treated as a zero-parameter prototype in C2x, conflicting with a previous declaration [-Wdeprecated-non-prototype]
double strtod ();
       ^
1 warning generated.
configure:12994: $? = 0
configure:12994: ./conftest
configure:12994: $? = 0
configure:13004: result: yes
configure:13068: checking for memset
configure:13068: /AFLplusplus/afl-cc -o conftest -g -O2   conftest.c  >&5
conftest.c:48:6: warning: incompatible redeclaration of library function 'memset' [-Wincompatible-library-redeclaration]
char memset ();
     ^
conftest.c:48:6: note: 'memset' is a builtin with type 'void *(void *, int, unsigned long)'
1 warning generated.
configure:13068: $? = 0
configure:13068: result: yes
configure:13081: checking for pow
configure:13081: /AFLplusplus/afl-cc -o conftest -g -O2   conftest.c  >&5
conftest.c:49:6: warning: incompatible redeclaration of library function 'pow' [-Wincompatible-library-redeclaration]
char pow ();
     ^
conftest.c:49:6: note: 'pow' is a builtin with type 'double (double, double)'
1 warning generated.
/usr/bin/ld: /tmp/conftest-e270d9.o: in function `main':
conftest.c:(.text.main[main]+0x22): undefined reference to `pow'
clang: error: linker command failed with exit code 1 (use -v to see invocation)
configure:13081: $? = 1
configure: failed program was:
| /* confdefs.h */
| #define PACKAGE_NAME "libpng"
| #define PACKAGE_TARNAME "libpng"
| #define PACKAGE_VERSION "1.6.29"
| #define PACKAGE_STRING "libpng 1.6.29"
| #define PACKAGE_BUGREPORT "png-mng-implement@lists.sourceforge.net"
| #define PACKAGE_URL ""
| #define PACKAGE "libpng"
| #define VERSION "1.6.29"
| #define STDC_HEADERS 1
| #define HAVE_SYS_TYPES_H 1
| #define HAVE_SYS_STAT_H 1
| #define HAVE_STDLIB_H 1
| #define HAVE_STRING_H 1
| #define HAVE_MEMORY_H 1
| #define HAVE_STRINGS_H 1
| #define HAVE_INTTYPES_H 1
| #define HAVE_STDINT_H 1
| #define HAVE_UNISTD_H 1
| #define HAVE_DLFCN_H 1
| #define LT_OBJDIR ".libs/"
| #define STDC_HEADERS 1
| #define restrict __restrict
| #define HAVE_MEMSET 1
| /* end confdefs.h.  */
| /* Define pow to an innocuous variant, in case <limits.h> declares pow.
|    For example, HP-UX 11i <limits.h> declares gettimeofday.  */
| #define pow innocuous_pow
| 
| /* System header to define __stub macros and hopefully few prototypes,
|     which can conflict with char pow (); below.
|     Prefer <limits.h> to <assert.h> if __STDC__ is defined, since
|     <limits.h> exists even on freestanding compilers.  */
| 
| #ifdef __STDC__
| # include <limits.h>
| #else
| # include <assert.h>
| #endif
| 
| #undef pow
| 
| /* Override any GCC internal prototype to avoid an error.
|    Use char because int might match the return type of a GCC
|    builtin and then its argument prototype would still apply.  */
| #ifdef __cplusplus
| extern "C"
| #endif
| char pow ();
| /* The GNU C library defines this for functions which it implements
|     to always fail with ENOSYS.  Some functions are actually named
|     something starting with __ and the normal name is an alias.  */
| #if defined __stub_pow || defined __stub___pow
| choke me
| #endif
| 
| int
| main ()
| {
| return pow ();
|   ;
|   return 0;
| }
configure:13081: result: no
configure:13088: checking for pow in -lm
configure:13113: /AFLplusplus/afl-cc -o conftest -g -O2   conftest.c -lm   >&5
conftest.c:33:6: warning: incompatible redeclaration of library function 'pow' [-Wincompatible-library-redeclaration]
char pow ();
     ^
conftest.c:33:6: note: 'pow' is a builtin with type 'double (double, double)'
1 warning generated.
configure:13113: $? = 0
configure:13122: result: yes
configure:13141: checking for clock_gettime
configure:13141: /AFLplusplus/afl-cc -o conftest -g -O2   conftest.c -lm  >&5
configure:13141: $? = 0
configure:13141: result: yes
configure:13166: checking for zlibVersion in -lz
configure:13191: /AFLplusplus/afl-cc -o conftest -g -O2   conftest.c -lz  -lm  >&5
configure:13191: $? = 0
configure:13200: result: yes
configure:13265: checking for feenableexcept in -lm
configure:13290: /AFLplusplus/afl-cc -o conftest -g -O2   conftest.c -lm  -lz -lm  >&5
configure:13290: $? = 0
configure:13299: result: yes
configure:13312: checking for feenableexcept
configure:13312: /AFLplusplus/afl-cc -o conftest -g -O2   conftest.c -lm -lz -lm  >&5
configure:13312: $? = 0
configure:13312: result: yes
configure:13322: checking if using Solaris linker
configure:13331: result: no
configure:13343: checking if libraries can be versioned
configure:13364: result: yes
configure:13386: checking for symbol prefix
configure:13393: result: 
configure:13415: pkgconfig directory is ${libdir}/pkgconfig
configure:13718: Extra options for compiler: 
configure:13828: checking that generated files are newer than configure
configure:13834: result: done
configure:13909: creating ./config.status

## ---------------------- ##
## Running config.status. ##
## ---------------------- ##

This file was extended by libpng config.status 1.6.29, which was
generated by GNU Autoconf 2.69.  Invocation command line was

  CONFIG_FILES    = 
  CONFIG_HEADERS  = 
  CONFIG_LINKS    = 
  CONFIG_COMMANDS = 
  $ ./config.status 

on 8c3705464eb3

config.status:1135: creating Makefile
config.status:1135: creating libpng.pc
config.status:1135: creating libpng-config
config.status:1135: creating config.h
config.status:1364: executing depfiles commands
config.status:1364: executing libtool commands

## ---------------- ##
## Cache variables. ##
## ---------------- ##

ac_cv_build=x86_64-unknown-linux-gnu
ac_cv_c_compiler_gnu=yes
ac_cv_c_const=yes
ac_cv_c_restrict=__restrict
ac_cv_env_CCASFLAGS_set=
ac_cv_env_CCASFLAGS_value=
ac_cv_env_CCAS_set=
ac_cv_env_CCAS_value=
ac_cv_env_CC_set=set
ac_cv_env_CC_value=/AFLplusplus/afl-cc
ac_cv_env_CFLAGS_set=
ac_cv_env_CFLAGS_value=
ac_cv_env_CPPFLAGS_set=
ac_cv_env_CPPFLAGS_value=
ac_cv_env_CPP_set=
ac_cv_env_CPP_value=
ac_cv_env_LDFLAGS_set=
ac_cv_env_LDFLAGS_value=
ac_cv_env_LIBS_set=
ac_cv_env_LIBS_value=
ac_cv_env_LT_SYS_LIBRARY_PATH_set=
ac_cv_env_LT_SYS_LIBRARY_PATH_value=
ac_cv_env_PNG_COPTS_set=
ac_cv_env_PNG_COPTS_value=
ac_cv_env_build_alias_set=
ac_cv_env_build_alias_value=
ac_cv_env_host_alias_set=
ac_cv_env_host_alias_value=
ac_cv_env_target_alias_set=
ac_cv_env_target_alias_value=
ac_cv_func_clock_gettime=yes
ac_cv_func_feenableexcept=yes
ac_cv_func_memset=yes
ac_cv_func_pow=no
ac_cv_func_strtod=yes
ac_cv_header_dlfcn_h=yes
ac_cv_header_inttypes_h=yes
ac_cv_header_memory_h=yes
ac_cv_header_stdc=yes
ac_cv_header_stdint_h=yes
ac_cv_header_stdlib_h=yes
ac_cv_header_string_h=yes
ac_cv_header_strings_h=yes
ac_cv_header_sys_stat_h=yes
ac_cv_header_sys_types_h=yes
ac_cv_header_unistd_h=yes
ac_cv_host=x86_64-unknown-linux-gnu
ac_cv_lib_m_feenableexcept=yes
ac_cv_lib_m_pow=yes
ac_cv_lib_z_zlibVersion=yes
ac_cv_objext=o
ac_cv_path_EGREP='/usr/bin/grep -E'
ac_cv_path_FGREP='/usr/bin/grep -F'
ac_cv_path_GREP=/usr/bin/grep
ac_cv_path_SED=/usr/bin/sed
ac_cv_path_install='/usr/bin/install -c'
ac_cv_path_lt_DD=/usr/bin/dd
ac_cv_path_mkdir=/usr/bin/mkdir
ac_cv_prog_AWK=mawk
ac_cv_prog_CPP='/AFLplusplus/afl-cc -E'
ac_cv_prog_ac_ct_AR=ar
ac_cv_prog_ac_ct_CC=/AFLplusplus/afl-cc
ac_cv_prog_ac_ct_OBJDUMP=objdump
ac_cv_prog_ac_ct_RANLIB=ranlib
ac_cv_prog_ac_ct_STRIP=strip
ac_cv_prog_cc_c89=
ac_cv_prog_cc_g=yes
ac_cv_prog_make_make_set=yes
ac_cv_struct_tm=time.h
ac_cv_type_size_t=yes
am_cv_CCAS_dependencies_compiler_type=gcc3
am_cv_CC_dependencies_compiler_type=gcc3
am_cv_make_support_nested_variables=yes
am_cv_prog_cc_c_o=yes
lt_cv_ar_at_file=@
lt_cv_deplibs_check_method=pass_all
lt_cv_file_magic_cmd='$MAGIC_CMD'
lt_cv_file_magic_test_file=
lt_cv_ld_reload_flag=-r
lt_cv_nm_interface='BSD nm'
lt_cv_objdir=.libs
lt_cv_path_LD=/usr/bin/ld
lt_cv_path_NM='/usr/bin/nm -B'
lt_cv_path_mainfest_tool=no
lt_cv_prog_compiler_c_o=yes
lt_cv_prog_compiler_pic='-fPIC -DPIC'
lt_cv_prog_compiler_pic_works=yes
lt_cv_prog_compiler_rtti_exceptions=yes
lt_cv_prog_compiler_static_works=yes
lt_cv_prog_gnu_ld=yes
lt_cv_sharedlib_from_linklib_cmd='printf %s\n'
lt_cv_shlibpath_overrides_runpath=yes
lt_cv_sys_global_symbol_pipe='sed -n -e '\''s/^.*[	 ]\([ABCDGIRSTW][ABCDGIRSTW]*\)[	 ][	 ]*\([_A-Za-z][_A-Za-z0-9]*\)$/\1 \2 \2/p'\'' | sed '\''/ __gnu_lto/d'\'''
lt_cv_sys_global_symbol_to_c_name_address='sed -n -e '\''s/^: \(.*\) .*$/  {"\1", (void *) 0},/p'\'' -e '\''s/^[ABCDGIRSTW][ABCDGIRSTW]* .* \(.*\)$/  {"\1", (void *) \&\1},/p'\'''
lt_cv_sys_global_symbol_to_c_name_address_lib_prefix='sed -n -e '\''s/^: \(.*\) .*$/  {"\1", (void *) 0},/p'\'' -e '\''s/^[ABCDGIRSTW][ABCDGIRSTW]* .* \(lib.*\)$/  {"\1", (void *) \&\1},/p'\'' -e '\''s/^[ABCDGIRSTW][ABCDGIRSTW]* .* \(.*\)$/  {"lib\1", (void *) \&\1},/p'\'''
lt_cv_sys_global_symbol_to_cdecl='sed -n -e '\''s/^T .* \(.*\)$/extern int \1();/p'\'' -e '\''s/^[ABCDGIRSTW][ABCDGIRSTW]* .* \(.*\)$/extern char \1;/p'\'''
lt_cv_sys_global_symbol_to_import=
lt_cv_sys_max_cmd_len=1572864
lt_cv_to_host_file_cmd=func_convert_file_noop
lt_cv_to_tool_file_cmd=func_convert_file_noop
lt_cv_truncate_bin='/usr/bin/dd bs=4096 count=1'

## ----------------- ##
## Output variables. ##
## ----------------- ##

ACLOCAL='${SHELL} /src/libpng-1.6.29/missing aclocal-1.15'
AMDEPBACKSLASH='\'
AMDEP_FALSE='#'
AMDEP_TRUE=''
AMTAR='$${TAR-tar}'
AM_BACKSLASH='\'
AM_DEFAULT_V='$(AM_DEFAULT_VERBOSITY)'
AM_DEFAULT_VERBOSITY='1'
AM_V='$(V)'
AR='ar'
AS='as'
AUTOCONF='${SHELL} /src/libpng-1.6.29/missing autoconf'
AUTOHEADER='${SHELL} /src/libpng-1.6.29/missing autoheader'
AUTOMAKE='${SHELL} /src/libpng-1.6.29/missing automake-1.15'
AWK='mawk'
CC='/AFLplusplus/afl-cc'
CCAS='/AFLplusplus/afl-cc'
CCASDEPMODE='depmode=gcc3'
CCASFLAGS='-g -O2'
CCDEPMODE='depmode=gcc3'
CFLAGS='-g -O2'
CPP='/AFLplusplus/afl-cc -E'
CPPFLAGS=''
CYGPATH_W='echo'
DEFS='-DHAVE_CONFIG_H'
DEPDIR='.deps'
DFNCPP='/AFLplusplus/afl-cc -E'
DLLTOOL='false'
DO_INSTALL_LIBPNG_CONFIG_FALSE='#'
DO_INSTALL_LIBPNG_CONFIG_TRUE=''
DO_INSTALL_LIBPNG_PC_FALSE='#'
DO_INSTALL_LIBPNG_PC_TRUE=''
DO_INSTALL_LINKS_FALSE='#'
DO_INSTALL_LINKS_TRUE=''
DO_PNG_PREFIX_FALSE=''
DO_PNG_PREFIX_TRUE='#'
DSYMUTIL=''
DUMPBIN=''
ECHO_C=''
ECHO_N='-n'
ECHO_T=''
EGREP='/usr/bin/grep -E'
EXEEXT=''
FGREP='/usr/bin/grep -F'
GREP='/usr/bin/grep'
HAVE_CLOCK_GETTIME_FALSE='#'
HAVE_CLOCK_GETTIME_TRUE=''
HAVE_LD_VERSION_SCRIPT_FALSE='#'
HAVE_LD_VERSION_SCRIPT_TRUE=''
HAVE_SOLARIS_LD_FALSE=''
HAVE_SOLARIS_LD_TRUE='#'
INSTALL_DATA='${INSTALL} -m 644'
INSTALL_PROGRAM='${INSTALL}'
INSTALL_SCRIPT='${INSTALL}'
INSTALL_STRIP_PROGRAM='$(install_sh) -c -s'
LD='/usr/bin/ld -m elf_x86_64'
LDFLAGS=''
LIBOBJS=''
LIBS='-lm -lz -lm '
LIBTOOL='$(SHELL) $(top_builddir)/libtool'
LIPO=''
LN_S='ln -s'
LTLIBOBJS=''
LT_SYS_LIBRARY_PATH=''
MAINT='#'
MAINTAINER_MODE_FALSE=''
MAINTAINER_MODE_TRUE='#'
MAKEINFO='${SHELL} /src/libpng-1.6.29/missing makeinfo'
MANIFEST_TOOL=':'
MKDIR_P='/usr/bin/mkdir -p'
NM='/usr/bin/nm -B'
NMEDIT=''
OBJDUMP='objdump'
OBJEXT='o'
OTOOL64=''
OTOOL=''
PACKAGE='libpng'
PACKAGE_BUGREPORT='png-mng-implement@lists.sourceforge.net'
PACKAGE_NAME='libpng'
PACKAGE_STRING='libpng 1.6.29'
PACKAGE_TARNAME='libpng'
PACKAGE_URL=''
PACKAGE_VERSION='1.6.29'
PATH_SEPARATOR=':'
PNGLIB_MAJOR='1'
PNGLIB_MINOR='6'
PNGLIB_RELEASE='29'
PNGLIB_VERSION='1.6.29'
PNG_ARM_NEON_FALSE=''
PNG_ARM_NEON_TRUE='#'
PNG_COPTS=''
PNG_INTEL_SSE_FALSE='#'
PNG_INTEL_SSE_TRUE=''
PNG_MIPS_MSA_FALSE='#'
PNG_MIPS_MSA_TRUE=''
PNG_POWERPC_VSX_FALSE='#'
PNG_POWERPC_VSX_TRUE=''
PNG_PREFIX=''
POW_LIB=''
RANLIB='ranlib'
SED='/usr/bin/sed'
SET_MAKE=''
SHELL='/bin/bash'
STRIP='strip'
SYMBOL_PREFIX=''
VERSION='1.6.29'
ac_ct_AR='ar'
ac_ct_CC='/AFLplusplus/afl-cc'
ac_ct_DUMPBIN=''
am__EXEEXT_FALSE=''
am__EXEEXT_TRUE='#'
am__fastdepCCAS_FALSE='#'
am__fastdepCCAS_TRUE=''
am__fastdepCC_FALSE='#'
am__fastdepCC_TRUE=''
am__include='include'
am__isrc=''
am__leading_dot='.'
am__nodep='_no'
am__quote=''
am__tar='$${TAR-tar} chof - "$$tardir"'
am__untar='$${TAR-tar} xf -'
binconfigs='${binconfigs}'
bindir='${exec_prefix}/bin'
build='x86_64-unknown-linux-gnu'
build_alias=''
build_cpu='x86_64'
build_os='linux-gnu'
build_vendor='unknown'
datadir='${datarootdir}'
datarootdir='${prefix}/share'
docdir='${datarootdir}/doc/${PACKAGE_TARNAME}'
dvidir='${docdir}'
exec_prefix='${prefix}'
host='x86_64-unknown-linux-gnu'
host_alias=''
host_cpu='x86_64'
host_os='linux-gnu'
host_vendor='unknown'
htmldir='${docdir}'
includedir='${prefix}/include'
infodir='${datarootdir}/info'
install_sh='${SHELL} /src/libpng-1.6.29/install-sh'
libdir='${exec_prefix}/lib'
libexecdir='${exec_prefix}/libexec'
localedir='${datarootdir}/locale'
localstatedir='${prefix}/var'
mandir='${datarootdir}/man'
mkdir_p='$(MKDIR_P)'
oldincludedir='/usr/include'
pdfdir='${docdir}'
pkgconfigdir='${libdir}/pkgconfig'
prefix='/usr/local'
program_transform_name='s,x,x,'
psdir='${docdir}'
sbindir='${exec_prefix}/sbin'
sharedstatedir='${prefix}/com'
sysconfdir='${prefix}/etc'
target_alias=''

## ----------- ##
## confdefs.h. ##
## ----------- ##

/* confdefs.h */
#define PACKAGE_NAME "libpng"
#define PACKAGE_TARNAME "libpng"
#define PACKAGE_VERSION "1.6.29"
#define PACKAGE_STRING "libpng 1.6.29"
#define PACKAGE_BUGREPORT "png-mng-implement@lists.sourceforge.net"
#define PACKAGE_URL ""
#define PACKAGE "libpng"
#define VERSION "1.6.29"
#define STDC_HEADERS 1
#define HAVE_SYS_TYPES_H 1
#define HAVE_SYS_STAT_H 1
#define HAVE_STDLIB_H 1
#define HAVE_STRING_H 1
#define HAVE_MEMORY_H 1
#define HAVE_STRINGS_H 1
#define HAVE_INTTYPES_H 1
#define HAVE_STDINT_H 1
#define HAVE_UNISTD_H 1
#define HAVE_DLFCN_H 1
#define LT_OBJDIR ".libs/"
#define STDC_HEADERS 1
#define restrict __restrict
#define HAVE_MEMSET 1
#define HAVE_LIBM 1
#define HAVE_LIBZ 1
#define HAVE_LIBM 1
#define HAVE_FEENABLEEXCEPT 1

configure: exit 0
